[   0.00000] Initializing cro sbsys cpuset
[   0.000] Initializing cgroup subsys cpu
[    0.000000] Initializing cgroup subsys cpuacct
[    0.000000] Linux version 4.4.0-78-generic (buildd@lgw01-11) (gcc version 5.4.020069 (Ubuntu 5.4.0-6ubuntu1~16.04.4) ) #99-Ubuntu SMP Thu Apr 27 15:29:09 UTC 2017 (Ubuntu4..078.99geric 4.62
[   0.0000] Command line: BOT_AG=/boot/vliuz.4.0-78-generic root=LABEL=cloudimg-rootfs ro console=tty1 console=ttyS0
[    0.000000] KERNEL supported cpus:
[    0.000000]   Intel GenuineIntel
[    0.000000]   AMD AuthenticAMD
[    0.000000]   Centaur CentaurHauls
[    0.000000] x86/fpu: xstateofet[2]:  576, xstate_sizes[2]  6
[    0.000] x86/fpu: Supporting XSAVE feature 0x01: 'x87 floating point registers'
[    0.000000] x86/fpu: Supporting XSAVE feature 0x02: 'SSE regiser
[    00000] x86/fpu: Supporting XSAVE feature x0 'AVX reisrs'
[  00000] 6/fpu: Enabled xstate features 0x7, context size is 832 bytes, using 'standard' format.
[    0.000000] x86/puUsng 'az FU contet ithes.
[    0.000000] e820: BIOS-provided physical RAM map:
[    0.000] BIOS-82: em 0x000000000000-000000000fbff] uabe
[  0.0000] OSe80:me 0x000000000009fc00-0x000000000009ffff rerved
[   .00000 BOSe820: [mem 0x00000000000f0000-0x00000000000fffff] reserved
[    0.000000] BIOS-e820: [mem 0x0000000000100000-0x000000003ffeffff] usable
[    0.000000] BIOS-e820: [mem 0x000000003fff0000-0x000000003fffffff] ACPI data
[   0.000000] BIOS-e820 [em 0x00000ffc0000x00000ffffff] reserved
[   000000] NX (Execute Disable) protection: active
[    0.000000] SMBIOS 2.5 present.
[    0.000000] Hypervisor detected: KV
   0.0000 e20: last_pfn = 0x3fff0 max_ah_pfn = 0x400000000
[    0.000000] MTRR: Disabled
[    0.000000] x86/PAT: MTRRs disabled, skipping PAT itializti to.
  0.0000 x6/PAT: Configuratio[07]: B T  UC- UC  WB  WT  UC- UC  
[    0.000000] CPU MTRRs all blank - virtualized system.
[   0.0000] foundSMMPtableat [mem 0x009ff00x00ff] mpp a [ffff88000009fff0]
[    0.000000] Scanning 1 areas for low memory corruption
[    0.000000] RAMDISK: [mem 0x36af2000-0x37570fff]
[    0.000000 AI: Early table checksumerifcaondisabled
[    0000] ACPI RP 0x0000000000E000000024 (v02 BO )
    0.000000] ACPI: XSDT 0x00000000FF030 000 (v01 VX VBOXXSDT000001 ASL 00061
[    0.000000] ACPI: FACP 0x000000003FFF00F0 0000F4 (v04 VBOX   VBOXFACP 00000001 ASL  00000061)
[    0.000000] ACPI: DSDT 0x000000003FFF0470 001CEB 01VBOX   OXIOS 00000 INTL 010528)[  0.000000] ACPI: FACS 0x000000003FFF0200 000040
[    0.000] ACP FS 0x000000003FFF0200 000040
[   0.00000]ACPI:PIC 0x000000003FFF0240 00005C (v02 VBOX   VBOXAPIC 00000001 AL  000061)
[   0.000] ACPI:SST 00000003F0A0 001C v01 BO  BOXCPUT 00000002 INTL 20100528)
[    0.000000] No NUMA configuration found
[  0.00000] Fki a node at [em 000000000000-0000000fffff]
[  0.00000] OD_DAT(0) allocated [mem 0x3ffeb000-0x3ffeffff]
[    0.000000] kvm-clock: Using msrs 4b564d01 and 4b564d00
[    0.000000] kvm-clock: cpu 0, msr 0:3ffe3001, primary cpu cloc
[    000000] kvm-clock: using sched offse of 2961412172 cycles
[    0.000000] clocksource: kvm-clock: mask: 0xffffffffffffff max_cycles: 0x1cd42e4dffb, max_idle_ns: 881590591483 ns
[    0.000000] Zone ranges:
[    0.000000]   DMA      [mem 0x0000000000001000-0x0000000000ffffff]
[    0.000000]   DMA32    [mem 0x00000001000000-0x000000003ffeffff]
[    0.000000]   Normal   empty
[    0.000000]   Device   empty
[    0.000000] Movable zone start for each node
[    .00000Early emy node ranges
[    .00000]   node   0: [mem 0x0000000000001000-00000000efff]
[  0.0000] nod  0:mem 0x00000000100000-0x000000003ffeffff]
[    0.000000] Initmem etup node 0 [mem 0x000000000000-0x000000003ffeffff]
[    0.000000] ACPI: PM-Timer IO Port: 0x4008
[    0.000000] IOAPIC[0]: apic_id 2, version 17, address 0xfec00000, GSI 0-23
[    0.000000] ACPI: INT_SRC_OVR (bus 0 bus_irq 0 global_irq 2 l fl)[   0.000000] ACPI: INT_SRC_OVR (bus 0 bus_irq 9 global_irq 9 high level)
[    0.000000] Using ACPI (MADT) for SMP configuration information
[    0.00000] smpboot: Allowig CPUs 0 otlu Cs
[  .000000] PM: Registered nosave memory: [mem 0x00000000-0x00000fff]
[    0.000000] PM: Registerednosav memor: me 0x0009f00x0009ffff]
[    0.000000] PM: Registered nosave memory: [mem 0x000a0000-0x000effff]
[    0.000000] PM: Registered nosave memory: [mem 0x000f0000-0x000fffff]
[    0.000000] e820: [mem 0x40000-0xfffff] aible forCIdevics    .000] Boongaraviuazed ernel on KVM
[    0.000000] clocksource: refined-jiffies: mask: 0xffffffff max_cycles: 0xfffff, max_idle_ns: 7645519600211568 ns
[    0.000000] setup_pecp: NR_CPUS:51 ncpumskit:512 nrcpid:2 n_ne_ids
   0.000000] PERCPU: Embedded 33 pages/cpu @ffff88003fc00000 s98264 r8192 d28712 u1048576
[    0.000000] PV qsnlck hshtable entrie: 56 (order: 0, 4096 bytes)
[    0.000000] Buit zoneis in Node order, mobility grouping on.  Total pages: 257913
[    0.00000] liy zone: DMA32
[    0.000000] Kernel command line: BOOT_IMAGE=/boot/vmlinuz-4.4.0-78-generic root=LABEL=cloudimg-rootfro console=tty1 console=ttyS0
[    0.000000] PID ash table entries: 4096 (order: 3, 32768 bytes)
[    0.000000] Memory: 1001832K/1048120K valale (46K ernel code 1294K rwdata, 3984K rodata, 1484K it, 116bss, 46288 reerve,  ca-rered)[  0.00000SLUB: HWlin=, rder=-3MiObjets, CPUs=2, Nodes=1[   0.0000] ierchil CU impemtaion.[   0.000000] 	Build-time adjustment of leaf fanout to 64.
[    0.000000] 	RCU restricting CPUs from NR_CPUS=512 to nr_cpu_ids=2.
[    0.000] RC Ajuting geometry orcu_fno_laf=6, _cu_ids=2
[    0.0000]NR_IQS3024nrrq:440 6[    0.000] Cnsole: colour VGA+ 80x25
[    0.000000] console [tty1] enabled
[    0.000000] console [ttyS0] enabled
[   .00000] tsc: Detected 2800.000 MHz processor
[    8.997222] Calibrating delay loop (skipped) preset value.. 5600.00 BogoMIPS (lpj=11200000)
[    8.998959] pid_max: default: 32768 minimum: 301
[    9.032881] ACPI: Core revision 20150930
[    9.046691] ACPI: 2 ACPI AML tables successfully acquired and loaded
[    9.062022] Security Framework initialized
[    9.062894] Yama: becoming mindful.
[    9.083554] AppArmor: AppArmor initialized
[    9.084598] Dentry cache hash table entries: 131072 (order: 8, 1048576 bytes)
[    9.093659] Inode-cache hash table entries: 65536 (order: 7, 524288 bytes)
[    9.134302] Mount-cache hash table entries: 2048 (order: 2, 16384 bytes)
[    9.143865] Mountpoint-cache hash table entries: 2048 (order: 2, 16384 bytes)
[    9.151355] Initializing cgroup subsys io
[    9.159439] Initializing cgroup subsys memory
[    9.165497] Initializing cgroup subsys devices
[    9.166458] Initializing cgroup subsys freezer
[    9.167357] Initializing cgroup subsys net_cls
[    9.168255] Initializing cgroup subsys perf_event
[    9.169211] Initializing cgroup subsys net_prio
[    9.170223] Initializing cgroup subsys hugetlb
[    9.177832] Initializing cgroup subsys pids
[    9.178915] CPU: Physical Processor ID: 0
[    9.179850] CPU: Processor Core ID: 0
[    9.200861] mce: CPU supports 0 MCE banks
[    9.275144] Last level iTLB entries: 4KB 1024, 2MB 1024, 4MB 1024
[    9.289093] Last level dTLB entries: 4KB 1024, 2MB 1024, 4MB 1024, 1GB 4
[    9.312445] Freeing SMP alternatives memory: 32K (ffffffff820b8000 - ffffffff820c0000)
[    9.381381] ftrace: allocating 32120 entries in 126 pages
[    9.507616] smpboot: APIC(0) Converting physical 0 to logical package 0
[    9.592245] smpboot: Max logical packages: 1
[    9.594461] ..TIMER: vector=0x30 apic1=0 pin1=2 apic2=-1 pin2=-1
[    9.757172] smpboot: CPU0: Intel(R) Core(TM) i7-4558U CPU @ 2.80GHz (family: 0x6, model: 0x45, stepping: 0x1)
[    9.799001] Performance Events: unsupported p6 CPU model 69 no PMU driver, software events only.
[    9.818687] KVM setup paravirtual spinlock
[    9.839226] x86: Booting SMP configuration:
[    9.848421] .... node  #0, CPUs:      #1
[    9.860552] kvm-clock: cpu 1, msr 0:3ffe3041, secondary cpu clock
[    9.869183] mce: CPU supports 0 MCE banks
[    9.871779] x86: Booted up 1 node, 2 CPUs
[    9.877188] smpboot: Total of 2 processors activated (11200.00 BogoMIPS)
[    9.878917] devtmpfs: initialized
[    9.921997] evm: security.selinux
[    9.930413] evm: security.SMACK64
[    9.931181] evm: security.SMACK64EXEC
[    9.933049] evm: security.SMACK64TRANSMUTE
[    9.933908] evm: security.SMACK64MMAP
[    9.934790] evm: security.ima
[    9.957819] evm: security.capability
[    9.958880] clocksource: jiffies: mask: 0xffffffff max_cycles: 0xffffffff, max_idle_ns: 7645041785100000 ns
[   10.048169] futex hash table entries: 512 (order: 3, 32768 bytes)
[   10.070132] pinctrl core: initialized pinctrl subsystem
[   10.086347] RTC time: 13:16:31, date: 05/26/17
[   10.099220] NET: Registered protocol family 16
[   10.137830] cpuidle: using governor ladder
[   10.193371] cpuidle: using governor menu
[   10.250350] PCCT header not found.
[   10.282411] ACPI: bus type PCI registered
[   10.328527] acpiphp: ACPI Hot Plug PCI Controller Driver version: 0.5
[   10.432516] PCI: Using configuration type 1 for base access
[   10.470970] ACPI: Added _OSI(Module Device)
[   10.509631] ACPI: Added _OSI(Processor Device)
[   10.516303] ACPI: Added _OSI(3.0 _SCP Extensions)
[   10.591907] ACPI: Added _OSI(Processor Aggregator Device)
[   10.648778] ACPI: Executed 1 blocks of module-level executable AML code
[   10.732082] ACPI: Interpreter enabled
[   10.780884] ACPI: (supports S0 S5)
[   10.782770] ACPI: Using IOAPIC for interrupt routing
[   10.817907] PCI: Using host bridge windows from ACPI; if necessary, use "pci=nocrs" and report a bug
[   10.914317] ACPI: PCI Root Bridge [PCI0] (domain 0000 [bus 00-ff])
[   10.928889] acpi PNP0A03:00: _OSC: OS supports [ASPM ClockPM Segments MSI]
[   10.954084] acpi PNP0A03:00: _OSC failed (AE_NOT_FOUND); disabling ASPM
[   11.020594] acpi PNP0A03:00: fail to add MMCONFIG information, can't access extended PCI configuration space under this bridge.
[   11.049887] PCI host bridge to bus 0000:00
[   11.107862] pci_bus 0000:00: root bus resource [io  0x0000-0x0cf7 window]
[   11.113082] pci_bus 0000:00: root bus resource [io  0x0d00-0xffff window]
[   11.114459] pci_bus 0000:00: root bus resource [mem 0x000a0000-0x000bffff window]
[   11.126385] pci_bus 0000:00: root bus resource [mem 0x40000000-0xffdfffff window]
[   11.138000] pci_bus 0000:00: root bus resource [bus 00-ff]
[   11.140929] pci 0000:00:01.1: legacy IDE quirk: reg 0x10: [io  0x01f0-0x01f7]
[   11.174052] pci 0000:00:01.1: legacy IDE quirk: reg 0x14: [io  0x03f6]
[   11.253468] pci 0000:00:01.1: legacy IDE quirk: reg 0x18: [io  0x0170-0x0177]
[   11.269710] pci 0000:00:01.1: legacy IDE quirk: reg 0x1c: [io  0x0376]
[   11.299401] ACPI: PCI Interrupt Link [LNKA] (IRQs 5 9 10 11) *0, disabled.
[   11.349219] ACPI: PCI Interrupt Link [LNKB] (IRQs 5 9 10 *11)
[   11.399305] ACPI: PCI Interrupt Link [LNKC] (IRQs 5 9 *10 11)
[   11.408915] ACPI: PCI Interrupt Link [LNKD] (IRQs 5 *9 10 11)
[   11.480640] ACPI: Enabled 2 GPEs in block 00 to 07
[   11.490999] vgaarb: setting as boot device: PCI:0000:00:02.0
[   11.511898] vgaarb: device added: PCI:0000:00:02.0,decodes=io+mem,owns=io+mem,locks=none
[   11.564056] vgaarb: loaded
[   11.601369] vgaarb: bridge control possible 0000:00:02.0
[   11.602684] SCSI subsystem initialized
[   11.636966] ACPI: bus type USB registered
[   11.656207] usbcore: registered new interface driver usbfs
[   11.707210] usbcore: registered new interface driver hub
[   11.772571] usbcore: registered new device driver usb
[   11.816694] PCI: Using ACPI for IRQ routing
[   11.835702] NetLabel: Initializing
[   11.876193] NetLabel:  domain hash size = 128
[   11.914038] NetLabel:  protocols = UNLABELED CIPSOv4
[   11.915142] NetLabel:  unlabeled traffic allowed by default
[   11.953099] amd_nb: Cannot enumerate AMD northbridges
[   11.957480] clocksource: Switched to clocksource kvm-clock
[   1.66068] AppArmor: AppArmor Filesystem Enabled
[  12.030818] pnp: PnP ACPI init
[ 125532 p: nPCP: un3 devices

[  1.444804] clocksource: acpi_pm: as: ffff m_ccls:xfff, x_lens: 08014 
  3.51] T: Registered protcofail2
[   3.806]CPesblheha tleentres81 (de 465536 bytes)

[   4.31] P ndastae tries: 892orer: 5, 131072 bytes)
[ 14384] TCP: Hash tables configured (established 8192 bind 8192)
[   14.983405] UDP hash table entries: 512 (order: 2, 16384 bytes)
[   14.984545]UDP-itha tlentes51(order: 2, 16384 bytes)
[  13821 NET: Registered protocol family 1
[   15.529453] pci 0000:00:0.0: Limiting direct PCI/PCI transfers
[   15.553143] pci 0000:00:010:Activating ISA DMA hang workarounds
[   15.619584 Uacngniram..
[   7.696]rengnitrd memory: 10748K (ffff880036af2000 - ffff880037571000)
[  1950012] RAPL PMU detected, API unit is 2^-32 Joules, 4 fixed counters 10737418240 ms ovfl timer
[   180393]w niofdoaippco 20 ules
[   18.569148] hw unit of domain package 2^-0 Joules
[   18.626126] hw unit of domain dram 2^-0 Joules
[   18.654404] hw unit of domain pp1-gpu 2^-0 Joules
[   18.658722] platform rtc_cmos: registered platform RTC device (no PNP device found)
[   18.722817] Scanning for low memory corruption every 60 seconds
[   18.812501] audit: initializing netlink subsys (disabled)
[   18.903655] audit: type=2000 audit(1495804592.837:1): initialized
[   18.959033] Initialise system trusted keyring
[   18.987653] HugeTLB registered 2 MB page size, pre-allocated 0 pages
[   18.994751] zbud: loaded
[   19.022408] VFS: Disk quotas dquot_6.6.0
[   19.083059] VFS: Dquot-cache hash table entries: 512 (order 0, 4096 bytes)
[   19.103129] squashfs: version 4.0 (2009/01/31) Phillip Lougher
[   19.113330] fuse init (API version 7.23)
[   19.122712] Key type big_key registered
[   19.153877] Allocating IMA MOK and blacklist keyrings.
[   19.255950] Key type asymmetric registered
[   19.322617] Asymmetric key parser 'x509' registered
[   19.422403] Block layer SCSI generic (bsg) driver version 0.4 loaded (major 249)
[   19.433637] io scheduler noop registered
[   19.502524] io scheduler deadline registered (default)
[   19.503603] io scheduler cfq registered
[   19.504508] pci_hotplug: PCI Hot Plug PCI Core version: 0.5
[   19.565711] pciehp: PCI Express Hot Plug Controller Driver version: 0.4
[   19.607952] ACPI: AC Adapter [AC] (on-line)
[   19.650985] input: Power Button as /devices/LNXSYSTM:00/LNXPWRBN:00/input/input0
[   19.698124] tsc: Refined TSC clocksource calibration: 2801.500 MHz
[   19.699399] clocksource: tsc: mask: 0xffffffffffffffff max_cycles: 0x2861c96fa3f, max_idle_ns: 440795209577 ns
[   19.703631] ACPI: Power Button [PWRF]
[   19.704566] input: Sleep Button as /devices/LNXSYSTM:00/LNXSLPBN:00/input/input1
[   19.723512] ACPI: Sleep Button [SLPF]
[   19.745405] ACPI: Battery Slot [BAT0] (battery present)
[   19.772815] GHES: HEST is not enabled!
[   19.775103] Serial: 8250/16550 driver, 32 ports, IRQ sharing enabled
ÿ[   19.953883] 00:02: ttyS0 at I/O 0x3f8 (irq = 0, base_baud = 115200) is a 16550A
[   20.004555] Linux agpgart interface v0.103
[   20.010851] loop: module loaded
[   20.067613] scsi host0: ata_piix
[   20.091035] scsi host1: ata_piix
[   20.113587] ata1: PATA max UDMA/33 cmd 0x1f0 ctl 0x3f6 bmdma 0xd000 irq 14
[   20.173146] ata2: PATA max UDMA/33 cmd 0x170 ctl 0x376 bmdma 0xd008 irq 15
[   20.175044] libphy: Fixed MDIO Bus: probed
[   20.222297] tun: Universal TUN/TAP device driver, 1.6
[   20.223316] tun: (C) 1999-2004 Max Krasnyansky <maxk@qualcomm.com>
[   20.224616] PPP generic driver version 2.4.2
[   20.243133] ehci_hcd: USB 2.0 'Enhanced' Host Controller (EHCI) Driver
[   20.342258] ehci-pci: EHCI PCI platform driver
[   20.392760] ehci-platform: EHCI generic platform driver
[   20.422895] ohci_hcd: USB 1.1 'Open' Host Controller (OHCI) Driver
[   20.529393] ohci-pci: OHCI PCI platform driver
[   20.562417] ohci-platform: OHCI generic platform driver
[   20.563543] uhci_hcd: USB Universal Host Controller Interface driver
[   20.587939] i8042: PNP: PS/2 Controller [PNP0303:PS2K,PNP0f03:PS2M] at 0x60,0x64 irq 1,12
[   20.604444] serio: i8042 KBD port at 0x60,0x64 irq 1
[   20.674919] serio: i8042 AUX port at 0x60,0x64 irq 12
[   20.717560] mousedev: PS/2 mouse device common for all mice
[   20.794717] input: AT Translated Set 2 keyboard as /devices/platform/i8042/serio0/input/input2
[   20.891767] rtc_cmos rtc_cmos: rtc core: registered rtc_cmos as rtc0
[   20.983045] rtc_cmos rtc_cmos: alarms up to one day, 114 bytes nvram
[   21.015907] i2c /dev entries driver
[   21.043524] device-mapper: uevent: version 1.0.3
[   21.063974] device-mapper: ioctl: 4.34.0-ioctl (2015-10-28) initialised: dm-devel@redhat.com
[   21.083336] ledtrig-cpu: registered to indicate activity on CPUs
[   21.113428] NET: Registered protocol family 10
[   21.186500] NET: Registered protocol family 17
[   21.232062] Key type dns_resolver registered
[   21.272173] microcode: CPU0 sig=0x40651, pf=0x2, revision=0x19
[   21.286656] microcode: CPU1 sig=0x40651, pf=0x2, revision=0x19
[   21.345300] microcode: Microcode Update Driver: v2.01 <tigran@aivazian.fsnet.co.uk>, Peter Oruba
[   21.433529] registered taskstats version 1
[   21.438718] Loading compiled-in X.509 certificates
[   21.440624] Loaded X.509 cert 'Build time autogenerated kernel key: 779fd75203f0d36b99b83c7328fac831ec7adf9e'
[   21.480713] zswap: loaded using pool lzo/zbud
[   21.494549] Key type trusted registered
[   21.556340] Key type encrypted registered
[   21.652042] AppArmor: AppArmor sha1 policy hashing enabled
[   21.722495] ima: No TPM chip found, activating TPM-bypass!
[   21.767535] evm: HMAC attrs: 0x1
[   21.780816]   Magic number: 1:47:282
[   21.796046] tty tty19: hash matches
[   21.820378] rtc_cmos rtc_cmos: setting system clock to 2017-05-26 13:16:42 UTC (1495804602)
[   21.893720] BIOS EDD facility v0.16 2004-Jun-25, 0 devices found
[   21.920498] EDD information not available.
[   21.922575] Freeing unused kernel memory: 1484K (ffffffff81f45000 - ffffffff820b8000)
[   21.961522] Write protecting the kernel read-only data: 14336k
[   21.963350] Freeing unused kernel memory: 1760K (ffff880001848000 - ffff880001a00000)
[   21.998228] Freeing unused kernel memory: 112K (ffff880001de4000 - ffff880001e00000)
Loading, please [   22.103575] random: systemd-udevd: uninitialized urandom read (16 bytes read, 2 bits of entropy available)
wait...
startin[   22.104083] random: udevadm: uninitialized urandom read (16 bytes read, 2 bits of entropy available)
g version 229
[   22.104112] random: udevadm: uninitialized urandom read (16 bytes read, 2 bits of entropy available)
[   22.104220] random: udevadm: uninitialized urandom read (16 bytes read, 2 bits of entropy available)
[   22.104255] random: udevadm: uninitialized urandom read (16 bytes read, 2 bits of entropy available)
[   22.104288] random: udevadm: uninitialized urandom read (16 bytes read, 2 bits of entropy available)
[   22.104321] random: udevadm: uninitialized urandom read (16 bytes read, 2 bits of entropy available)
[   22.104351] random: udevadm: uninitialized urandom read (16 bytes read, 2 bits of entropy available)
[   22.104406] random: udevadm: uninitialized urandom read (16 bytes read, 2 bits of entropy available)
[   22.104440] random: udevadm: uninitialized urandom read (16 bytes read, 2 bits of entropy available)
[   23.124629] e1000: Intel(R) PRO/1000 Network Driver - version 7.3.21-k8-NAPI
[   23.134079] e1000: Copyright (c) 1999-2006 Intel Corporation.
[   23.169449] Fusion MPT base driver 3.04.20
[   23.198307] Copyright (c) 1999-2008 LSI Corporation
[   23.234043] Fusion MPT SPI Host driver 3.04.20
[   23.281262] AVX version of gcm_enc/dec engaged.
[   23.359611] AES CTR mode by8 optimization enabled
[   23.426867] input: ImExPS/2 Generic Explorer Mouse as /devices/platform/i8042/serio1/input/input4
[   23.607145] e1000 0000:00:03.0 eth0: (PCI:33MHz:32-bit) 02:5c:f8:19:2c:0b
[   23.759053] e1000 0000:00:03.0 eth0: Intel(R) PRO/1000 Network Connection
[   23.882124] e1000 0000:00:03.0 enp0s3: renamed from eth0
[   23.946112] mptbase: ioc0: Initiating bringup
[   24.014316] ioc0: LSI53C1030 A0: Capabilities={Initiator}
[   24.191587] scsi host2: ioc0: LSI53C1030 A0, FwRev=00000000h, Ports=1, MaxQ=256, IRQ=20
[   24.366191] scsi 2:0:0:0: Direct-Access     VBOX     HARDDISK         1.0  PQ: 0 ANSI: 5
[   24.403036] scsi target2:0:0: Beginning Domain Validation
[   24.460376] scsi target2:0:0: Domain Validation skipping write tests
[   24.480075] scsi target2:0:0: Ending Domain Validation
[   24.542610] scsi target2:0:0: asynchronous
[   24.559713] scsi 2:0:1:0: Direct-Access     VBOX     HARDDISK         1.0  PQ: 0 ANSI: 5
[   24.574541] scsi target2:0:1: Beginning Domain Validation
[   24.648646] scsi target2:0:1: Domain Validation skipping write tests
[   24.744176] scsi target2:0:1: Ending Domain Validation
[   24.796490] scsi target2:0:1: asynchronous
[   24.837995] sd 2:0:0:0: [sda] 20971520 512-byte logical blocks: (10.7 GB/10.0 GiB)
[   24.892574] sd 2:0:0:0: Attached scsi generic sg0 type 0
[   24.952858] sd 2:0:0:0: [sda] Write Protect is off
[   24.960009] sd 2:0:1:0: Attached scsi generic sg1 type 0
[   24.998123] sd 2:0:0:0: [sda] Incomplete mode parameter data
[   25.076708] sd 2:0:0:0: [sda] Assuming drive cache: write through
[   25.078085] sd 2:0:1:0: [sdb] 20480 512-byte logical blocks: (10.5 MB/10.0 MiB)
[   25.078262] sd 2:0:1:0: [sdb] Write Protect is off
[   25.078362] sd 2:0:1:0: [sdb] Incomplete mode parameter data
[   25.078363] sd 2:0:1:0: [sdb] Assuming drive cache: write through
[   25.080184] sd 2:0:1:0: [sdb] Attached SCSI disk
[   25.523802]  sda: sda1
[   25.532991] sd 2:0:0:0: [sda] Attached SCSI disk
[   26.393709] floppy0: no floppy controllers found
[   27.885916] md: linear personality registered for level -1
Begin: Loading e[   27.944383] md: multipath personality registered for level -4
ssential drivers[   27.966626] md: raid0 personality registered for level 0
 ... [   28.030422] md: raid1 personality registered for level 1
[   28.152505] raid6: sse2x1   gen()  9363 MB/s
[   28.277902] raid6: sse2x1   xor()  7220 MB/s
[   28.390031] raid6: sse2x2   gen() 11833 MB/s
[   28.560269] raid6: sse2x2   xor()  8071 MB/s
[   28.674566] raid6: sse2x4   gen() 13765 MB/s
[   28.746422] raid6: sse2x4   xor()  9279 MB/s
[   28.795327] raid6: using algorithm sse2x4 gen() 13765 MB/s
[   28.822915] raid6: .... xor() 9279 MB/s, rmw enabled
[   28.823910] raid6: using ssse3x2 recovery algorithm
[   28.854385] xor: automatically using best checksumming function:
[   28.901690]    avx       : 20003.000 MB/sec
[   28.951660] async_tx: api initialized (async)
[   29.036418] md: raid6 personality registered for level 6
[   29.092930] md: raid5 personality registered for level 5
[   29.143005] md: raid4 personality registered for level 4
[   29.243557] md: raid10 personality registered for level 10
done.
Begin: Running /scripts/i[   29.327380] Btrfs loaded
nit-premount ... done.
Begin: Mounting root fil[   29.369838] EXT4-fs (sda1): mounted filesystem with ordered data mode. Opts: (null)
e system ... Begin: Running /scripts/local-top ... done.
Begin: Running /scripts/local-premount ... Scanning for Btrfs filesystems
done.
Warning: fsck not present, so skipping root file system
done.
Begin: Running /scripts/local-bottom ... done.
Begin: Running /scripts/init-bottom ... done.
[   29.754371] systemd[1]: systemd 229 running in system mode. (+PAM +AUDIT +SELINUX +IMA +APPARMOR +SMACK +SYSVINIT +UTMP +LIBCRYPTSETUP +GCRYPT +GNUTLS +ACL +XZ -LZ4 +SECCOMP +BLKID +ELFUTILS +KMOD -IDN)
[   29.819025] systemd[1]: Detected virtualization oracle.
[   29.838560] systemd[1]: Detected architecture x86-64.

Welcome to [1mUbuntu 16.04.2 LTS[0m!

[ 2991180] systed[]:Se htne o <ubuntu>.
[   30.293421] systemd[1]: Initializing machine ID from random generator.
[   30.351939] systemd[1]: Installed transient /etc/machine-id file.
[   30.496704] systemd[1]: Listening on Journal Socket.
[[0;32m  OK  [0m] Listening on Journal Socket.
[  3.594] systmd1]Lieng  uv ontrol Socket.
[[0;32m  OK  [0m] Listening on udev Control Socket.
[ 319337system1] Racd art crypted Volumes.

[[0;32m  OK  [0m] Reached target Encrypted Volumes.
[  31.65259syem1]Rehetarget Uerndro Nmeookups.
[[0;32m  OK  [0m] Reached target User and Group Name Lookups.
[  33724] std[: Listniing  SloSoet.

[[0;32m  OK  [0m] Listening on Syslog Socket.
[   2.986513] syem1]Litengon /evnitlomptiily amd ip. [[0;32m  OK  [0m] Listening on /dev/initctl Compatibility Named Pipe.
[   337809 sstd[]: Startedrigereolonupdat f nworkd DNS.

[[0;32m  OK  [0m] Started Trigger resolvconf update for networkd DNS.
[ 34038] systemd[1]: Created slice User and Session Slice.
[[0;32m  OK  [0m] Created slice User and Session Slice.
[ 34901]ysemd[1]: Createdsle st Sic
[[0;32m  OK  [0m] Created slice System Slice.
[ 355233 sted[]:Created slicesystm-eral2dety.ic. [[0;32m  OK  [0m] Created slice system-serial\x2dgetty.slice.
[   36.286473] systemd[1]: Starting Load Kernel Modules...
[   36.325075] Loading iSCSI transport class v2.0-870.
         Startin[   36.383596] iscsi: registered transport (tcp)
g Load Kernel Modules...
[   36.471885] iscsi: registered transport (iser)
[   36.539899] systemd[1]: Reached target Slices.
[[0;32m  OK  [0m] Reached target Slices.
[   36.734173] systemd[1]: Starting Nameserver information manager...
         Starting Nameserver information manager...
[   37.062327] systemd[1]: Mounting POSIX Message Queue File System...
[   37.102807] random: nonblocking pool is initialized
         Mounting POSIX Message Queue File System...
[   37.214113] systemd[1]: Starting Uncomplicated firewall...
         Starting Uncomplicated firewall...
[   37.314050] systemd[1]: Starting Set console keymap...
         Starting Set console keymap...
[ 37102]ysmd1]: Listenngn vie-aperevt daemon FIF.
[[0;32m  OK  [0m] Listening on Device-mapper event daemon FIFOs.
[   38.222222] systemd[1]: Starting Remount Root and Kernel File Systems...
[   38.232439] EXT4-fs (sda1): re-mounted. Opts: (null)
         Starting Remount Root and Kernel File Systems...
[   38.321836] systemd[1]: Mounting Huge Pages File System...
         Mounting Huge Pages File System...
[   8.24] std[: Listening on LM2pol emn ckt.
[[0;32m  OK  [0m] Listening on LVM2 poll daemon socket.
[   39.702574] systemd[1]: Mounting Debug File System...
         Mounting Debug File System...
[ 39827]ystemd[1]: Listing on JounaAuitocet.
[[0;32m  OK  [0m] Listening on Journal Audit Socket.
[   40.378216] systemd[1]: Starting Create list of required static device nodes for the current kernel...
         Starting Create list of required st... nodes for the current kernel...
[ 40.552885] systemd[1]: Reached target Swap.

[[0;32m  OK  [0m] Reached target Swap.
[ 40411]ysmd[1]: istening on VMmedataaen socket.
[[0;32m  OK  [0m] Listening on LVM2 metadata daemon socket.
[   41.369910] systemd[1]: Starting Monitoring of LVM2 mirrors, snapshots etc. using dmeventd or progress polling...
         Starting Monitoring of LVM2 mirrors... dmeventd or progress polling...
[ 41068]ysem1] Listening on Journal Socket (/dev/log).
[[0;32m  OK  [0m] Listening on Journal Socket (/dev/log).
[   42.285807] systemd[1]: Starting Journal Service...
         Starting Journal Service...
[  43843systemd[]:tated rwd ssword Requests to Wall Directory Watch.
 [[0;32m  OK  [0m] Started Forward Password Requests to Wall Directory Watch.
[ 431026 systemd[]:Listeng o uv rn Ske.
[[0;32m  OK  [0m] Listening on udev Kernel Socket.
[ 43.702] ysmd]:Set up aomount Arbitrary ExcublFie rmat Fleysm utomunt Poi. [[0;32m  OK  [0m] Set up automount Arbitrary Executab...ats File System Automount Point.
[   4.962] systd[]:Mote PIX MessageQuueilSyem

[[0;32m  OK  [0m] Mounted POSIX Message Queue File System.
[  4.61856] system[1 Muned Debu Fe st.
[[0;32m  OK  [0m] Mounted Debug File System.
[   6.79] stmd11]: Mountd HugePages File System.

[[0;32m  OK  [0m] Mounted Huge Pages File System.
[ 464277syemd[1]: StaedJonal Service.
[[0;32m  OK  [0m] Started Journal Service.
[[0;32m  OK  [0m] Started Load Kernel Modules.
[[0;32m  OK  [0m] Started Uncomplicated firewall.
[[0;32m  OK  [0m] Started Set console keymap.
[[0;32m  OK  [0m] Started Remount Root and Kernel File Systems.
[[0;32m  OK  [0m] Started Create list of required sta...ce nodes for the current kernel.
[[0;32m  OK  [0m] Started Nameserver information manager.
[[0;32m  OK  [0m] Started LVM2 metadata daemon.
         Starting Create Static Device Nodes in /dev...
         Starting Initial cloud-init job (pre-networking)...
         Starting Load/Save Random Seed...
         Starting udev Coldplug all Devices...
         Starting Apply Kernel Variables...
         Mounting FUSE Control File System...
         Starting Flush Journal to Persistent Storage...
[[0;32m  OK  [0m] Mounted FUSE Control File System.
[[0;32m  OK  [0m] Started Monitoring of LVM2 mirrors,...ng dmeventd or progress polling.
[[0;32m  OK  [0m] Started Create Static Device Nodes in /dev.
[[0;32m  OK  [0m] Started Load/Save Random Seed.
[   37.254137] cloud-init[448]: Cloud-init v. 0.7.9 running 'init-local' at Fri, 26 May 2017 13:17:09 +0000. Up 37.06 seconds.
[[0;32m  OK  [0m] Started Apply Kernel Variables.
[[0;32m  OK  [0m] Started udev Coldplug all Devices.
[[0;32m  OK  [0m] Started Initial cloud-init job (pre-networking).
[[0;32m  OK  [0m] Started Flush Journal to Persistent Storage.
[[0;32m  OK  [0m] Reached target Network (Pre).
         Starting udev Kernel Device Manager...
[[0;32m  OK  [0m] Started udev Kernel Device Manager.
[[0;32m  OK  [0m] Started Dispatch Password Requests to Console Directory Watch.
[[0;32m  OK  [0m] Reached target Local File Systems (Pre).
[[0;32m  OK  [0m] Reached target Local File Systems.
         Starting Create Volatile Files and Directories...
         Starting Commit a transient machine-id on disk...
         Starting Set console font and keymap...
         Starting LSB: AppArmor initialization...
         Starting Tell Plymouth To Write Out Runtime Data...
[[0;32m  OK  [0m] Started Create Volatile Files and Directories.
[[0;32m  OK  [0m] Started Commit a transient machine-id on disk.
[[0;32m  OK  [0m] Started Set console font and keymap.
[[0;32m  OK  [0m] Started Tell Plymouth To Write Out Runtime Data.
[[0;32m  OK  [0m] Found device /dev/ttyS0.
[[0;32m  OK  [0m] Listening on Load/Save RF Kill Switch Status /dev/rfkill Watch.
[[0;32m  OK  [0m] Created slice system-getty.slice.
[[0;32m  OK  [0m] Reached target System Time Synchronized.
         Starting Update UTMP about System Boot/Shutdown...
[[0;32m  OK  [0m] Started LSB: AppArmor initialization.
[[0;32m  OK  [0m] Started Update UTMP about System Boot/Shutdown.
         Starting Raise network interfaces...
[[0;32m  OK  [0m] Started ifup for enp0s3.
[[0;32m  OK  [0m] Started Raise network interfaces.
         Starting Initial cloud-init job (metadata service crawler)...
[[0;32m  OK  [0m] Reached target Network.
[   41.964684] cloud-init[943]: Cloud-init v. 0.7.9 running 'init' at Fri, 26 May 2017 13:17:13 +0000. Up 41.36 seconds.
[[0;32m  OK  [0m] Started Initial cloud-init job (metadata service crawler).
[[0;32m  OK  [0m] Reached target Network is Online.
[   42.270139] cloud-init[943]: ci-info: +++++++++++++++++++++++++++++++++++++Net device info++++++++++++++++++++++++++++++++++++++
[   43.224663] cloud-init[943]: ci-info: +--------+------+----------------------------+---------------+-------+-------------------+
         Starting iSCSI initiator daemon (iscsid)...
[[0;32m  OK  [0m] Reached target System Initialization.
[[0;32m  OK  [0m] Listening on D-Bus System Message Bus Socket.
[[0;32m  OK  [0m] Listening on UUID daemon activation socket.
         Starting Socket activation for snappy daemon.
[   43.676324] cloud-init[943]: ci-info: | Device |  Up  |          Address           |      Mask     | Scope |     Hw-Address    |
[   45.216813] cloud-init[943]: ci-info: +--------+------+----------------------------+---------------+-------+-------------------+
[   45.697262] cloud-init[943]: ci-info: | enp0s3 | True |         10.0.2.15          | 255.255.255.0 |   .   | 02:5c:f8:19:2c:0b |
[   46.037138] cloud-init[943]: ci-info: | enp0s3 | True | fe80::5c:f8ff:fe19:2c0b/64 |       .       |  link | 02:5c:f8:19:2c:0b |
[   46.664983] cloud-init[943]: ci-info: |   lo   | True |         127.0.0.1          |   255.0.0.0   |   .   |         .         |
         Starting LXD - unix socket.
[[0;32m  OK  [0m] Started Daily Cleanup of Temporary Directories.
[   46.959383] cloud-init[943]: ci-info: |   lo   | True |          ::1/128           |       .       |  host |         .         |
[   47.887206] cloud-init[943]: ci-info: +--------+------+----------------------------+---------------+-------+-------------------+
[   48.077150] cloud-init[943]: ci-info: +++++++++++++++++++++++++++Route IPv4 info++++++++++++++++++++++++++++
[[0;32m  OK  [0m] Started ACPI Events Check.
[[0;32m  OK  [0m] Reached target Paths.
[[0;32m  OK  [0m] Started Daily apt activities.
[[0;32m  OK  [0m] Listening on ACPID Listen Socket.
[[0;32m  OK  [0m] Started Timer to automatically refresh installed snaps.
[[0;32m  OK  [0m] Reached target Timers.
[[0;32m  OK  [0m] Reached target Cloud-config availability.
[   48.667973] cloud-init[943]: ci-info: +-------+-------------+----------+---------------+-----------+-------+
[   49.577374] cloud-init[943]: ci-info: | Route | Destination | Gateway  |    Genmask    | Interface | Flags |
[   49.796404] cloud-init[943]: ci-info: +-------+-------------+----------+---------------+-----------+-------+
[[0;32m  OK  [0m] Listening on Socket activation for snappy daemon.
[[0;32m  OK  [0m] Listening on LXD - unix socket.
[[0;32m  OK  [0m] Started iSCSI initiator daemon (iscsid).
[   49.959146] cloud-init[943]: ci-info: |   0   |   0.0.0.0   | 10.0.2.2 |    0.0.0.0    |   enp0s3  |   UG  |
[   50.486702] cloud-init[943]: ci-info: |   1   |   10.0.2.0  | 0.0.0.0  | 255.255.255.0 |   enp0s3  |   U   |
[   50.732451] cloud-init[943]: ci-info: +-------+-------------+----------+---------------+-----------+-------+
         Starting Login to default iSCSI targets...
[[0;32m  OK  [0m] Reached target Sockets.
[[0;32m  OK  [0m] Reached target Basic System.
[   50.964410] cloud-init[943]: Generating public/private rsa key pair.
[   51.697030] cloud-init[943]: Your identification has been saved in /etc/ssh/ssh_host_rsa_key.
[   51.954299] cloud-init[943]: Your public key has been saved in /etc/ssh/ssh_host_rsa_key.pub.
[   52.156787] cloud-init[943]: The key fingerprint is:
[[0;32m  OK  [0m] Started Deferred execution scheduler.
[   52.446637] cloud-init[943]: SHA256:iPWk6ZHQ18XRPssLIWlH2LlfQw+3sp0k8iKVj22bpFI root@ubuntu-xenial
[   52.722549] cloud-init[943]: The key's randomart image is:
[   52.722654] cloud-init[943]: +---[RSA 2048]----+
[   52.722736] cloud-init[943]: |           +o+   |
[   52.722808] cloud-init[943]: |     .   ...= o..|
[   52.722839] cloud-init[943]: |    . o o .o.o.oo|
[   52.722986] cloud-init[943]: |     + O  +++oo+o|
[   52.723047] cloud-init[943]: |    . * S..o*+*+o|
[   52.723094] cloud-init[943]: |     . . . E.B+o |
[   52.723140] cloud-init[943]: |      .   o =.o. |
[   52.723183] cloud-init[943]: |         . . o.  |
[   52.723232] cloud-init[943]: |          .      |
[   52.723273] cloud-init[943]: +----[SHA256]-----+
[   52.723314] cloud-init[943]: Generating public/private dsa key pair.
[   52.723358] cloud-init[943]: Your identification has been saved in /etc/ssh/ssh_host_dsa_key.
[   52.723401] cloud-init[943]: Your public key has been saved in /etc/ssh/ssh_host_dsa_key.pub.
[   52.723441] cloud-init[943]: The key fingerprint is:
[   52.723482] cloud-init[943]: SHA256:9fWx92+5j3sMofbzDlzEZGq3ZtqxSUZiJ15iyX7ibvw root@ubuntu-xenial
[   52.723522] cloud-init[943]: The key's randomart image is:
[   52.723563] cloud-init[943]: +---[DSA 1024]----+
[   52.723604] cloud-init[943]: |                o|
[   52.723644] cloud-init[943]: |            . .= |
[   52.723688] cloud-init[943]: |          .  O+=+|
[   52.723729] cloud-init[943]: |         . .=oO++|
[   52.723774] cloud-init[943]: |        S   .= @+|
[   52.723819] cloud-init[943]: |            +.@.*|
[   52.723862] cloud-init[943]: |           ..+o*o|
[   52.723918] cloud-init[943]: |            .oo+=|
[   52.723951] cloud-init[943]: |            ..+EB|
[   52.723976] cloud-init[943]: +----[SHA256]-----+
[   52.724012] cloud-init[943]: Generating public/private ecdsa key pair.
[   52.724038] cloud-init[943]: Your identification has been saved in /etc/ssh/ssh_host_ecdsa_key.
[   52.724062] cloud-init[943]: Your public key has been saved in /etc/ssh/ssh_host_ecdsa_key.pub.
[   52.724112] cloud-init[943]: The key fingerprint is:
[[0;32m  OK  [0m] Started FUSE filesystem for LXC.
[   52.724264] cloud-init[943]: SHA256:W9ylDvT6edoeFd/wv16UUuRAvU0olSs5ReA6tr+fuoY root@ubuntu-xenial
         Starting System Logging Service...
[   56.301643] cloud-init[943]: The key's randomart image is:
[   56.452466] cloud-init[943]: +---[ECDSA 256]---+
[[0;32m  OK  [0m] Started ACPI event daemon.
[   56.452782] cloud-init[943]: |            o*++ |
[   56.637308]          cloud-initStarting Login Service...[943]: 
|           .. B..|
[   56.752376]          cloud-initStarting LXD - container startup/shutdown...[943]: 
|          . .+o*o|
[   56.876420] [cloud-init[0;32m  OK  [0m[943]: ] |         o ++oo+*|Started Regular background program processing daemon.

[[   56.876668] [0;32m  OK  [0mcloud-init] [943]: Started Unattended Upgrades Shutdown.|        S B ++ .*|

[   57.120472] cloud-init[943]: |         + *  .o.|
[   57.200855]          cloud-initStarting /etc/rc.local Compatibility...[943]: 
|        . o.. . o|
[   57.304459]          cloud-initStarting Accounts Service...[943]: 
|          Eo.o.oo|
[   57.432356]          cloud-initStarting Pollinate to seed the pseudo random number generator...[943]: 
|           .OO*o |
[   57.592498] cloud-init[943]: +----[SHA256]-----+
[   57.677351] cloud-init[943]: Generating public/private ed25519 key pair.
         Starting LSB: MD monitoring daemon...
[   57.677663] cloud-init[943]: Your identification has been saved in /etc/ssh/ssh_host_ed25519_key.
[   57.986749] [cloud-init[0;32m  OK  [0m[943]: ] Your public key has been saved in /etc/ssh/ssh_host_ed25519_key.pub.Started D-Bus System Message Bus.

[   57.987048] cloud-init[943]: The key fingerprint is:
[   58.264725]          cloud-initStarting Apply the settings specified in cloud-config...[943]: 
SHA256:UAqe05eXzCsTJsOWMJZoJI3i1caNwlof4hiXbdIhfEA root@ubuntu-xenial
[   58.588733]          cloud-initStarting LSB: Record successful boot for GRUB...[943]: 
The key's randomart image is:
[   58.760468] [cloud-init[0;32m  OK  [0m[943]: ] +--[ED25519 256]--+Started Snappy daemon.

[   58.760694] cloud-init[943]: |.+=E%o+ .        |
[   58.912286]          cloud-initStarting Auto import assertions from block devices...[943]: 
|oo+&o^ = + .     |
[   59.144539] cloud-init[943]: |o.O % @ = =      |
[   59.216569] cloud-init[943]: | + . + * o .     |
[   59.312806] cloud-init[943]: |        S .      |
[[0;32m  OK  [0m] Started System Logging Service.
[[0;32m  OK  [0m] Started LXD - container startup/shutdown.
[[0;32m  OK  [0m] Started /etc/rc.local Compatibility.
[[0;32m  OK  [0m] Started Pollinate to seed the pseudo random number generator.
[   59.389289] cloud-init[943]: |         o       |
[[0;32m  OK  [0m] Started Auto import assertions from block devices.
[   59.915665] cloud-init[943]: |                 |
[   60.072388] [cloud-init[0;32m  OK  [0m[943]: ] |                 |Started Login to default iSCSI targets.

[   60.073107] cloud-init[943]: |                 |
[   60.467502] cloud-init[943]: +----[SHA256]-----+
[[0;32m  OK  [0m] Started LSB: MD monitoring daemon.
[   60.473308] cloud-init[1120]: Generating locales (this might take a while)...
[   60.652985] cloud-init[1120]:   en_US.UTF-8... done
[[0;32m  OK  [0m] Started LSB: Record successful boot for GRUB.
[   60.653273] cloud-init[1120]: Generation complete.
[[0;32m  OK  [0m] Started Login Service.
         Starting Authenticate and Authorize Users to Run Privileged Tasks...
[[0;32m  OK  [0m] Reached target Remote File Systems (Pre).
[[0;32m  OK  [0m] Reached target Remote File Systems.
         Starting LSB: VirtualBox Linux Additions...
         Starting LSB: Set the CPU Frequency Scaling governor to "ondemand"...
         Starting LSB: daemon to balance interrupts for SMP systems...
         Starting LSB: automatic crash report generation...
         Starting Permit User Sessions...
[[0;32m  OK  [0m] Stopped OpenBSD Secure Shell server.
         Starting OpenBSD Secure Shell server...
[[0;32m  OK  [0m] Started OpenBSD Secure Shell server.
[[0;32m  OK  [0m] Started Permit User Sessions.
[[0;32m  OK  [0m] Started Authenticate and Authorize Users to Run Privileged Tasks.
[[0;32m  OK  [0m] Started Accounts Service.
[[0;32m  OK  [0m] Started LSB: Set the CPU Frequency Scaling governor to "ondemand".
[   62.181191] cloud-init[1120]: Cloud-init v. 0.7.9 running 'modules:config' at Fri, 26 May 2017 13:17:30 +0000. Up 58.61 seconds.
[[0;32m  OK  [0m] Started LSB: VirtualBox Linux Additions.
[[0;32m  OK  [0m] Started Apply the settings specified in cloud-config.
[[0;32m  OK  [0m] Created slice User Slice of ubuntu.
[[0;32m  OK  [0m] Started Session 1 of user ubuntu.
         Starting User Manager for UID 1000...
         Starting Terminate Plymouth Boot Screen...
         Starting Hold until boot process finishes up...
[[0;32m  OK  [0m] Started User Manager for UID 1000.
[[0;32m  OK  [0m] Started LSB: daemon to balance interrupts for SMP systems.
[[0;32m  OK  [0m] Started LSB: automatic crash report generation.
[[0;32m  OK  [0m] Started Terminate Plymouth Boot Screen.
[[0;32m  OK  [0m] Started Hold until boot process finishes up.
[[0;32m  OK  [0m] Started Getty on tty1.
[[0;32m  OK  [0m] Started Serial Getty on ttyS0.
[[0;32m  OK  [0m] Reached target Login Prompts.
         Starting Set console scheme...
[[0;32m  OK  [0m] Reached target Multi-User System.
[[0;32m  OK  [0m] Reached target Graphical Interface.
         Starting Update UTMP about System Runlevel Changes...
         Starting Execute cloud user/final scripts...
[[0;32m  OK  [0m] Started Set console scheme.
[[0;32m  OK  [0m] Started Update UTMP about System Runlevel Changes.
ci-info: no authorized ssh keys fingerprints found for user ubuntu.
<14>May 26 13:17:37 ec2: 
<14>May 26 13:17:37 ec2: #############################################################
<14>May 26 13:17:37 ec2: -----BEGIN SSH HOST KEY FINGERPRINTS-----
<14>May 26 13:17:37 ec2: 1024 SHA256:9fWx92+5j3sMofbzDlzEZGq3ZtqxSUZiJ15iyX7ibvw root@ubuntu-xenial (DSA)
<14>May 26 13:17:37 ec2: 256 SHA256:W9ylDvT6edoeFd/wv16UUuRAvU0olSs5ReA6tr+fuoY root@ubuntu-xenial (ECDSA)
<14>May 26 13:17:37 ec2: 256 SHA256:UAqe05eXzCsTJsOWMJZoJI3i1caNwlof4hiXbdIhfEA root@ubuntu-xenial (ED25519)
<14>May 26 13:17:37 ec2: 2048 SHA256:iPWk6ZHQ18XRPssLIWlH2LlfQw+3sp0k8iKVj22bpFI root@ubuntu-xenial (RSA)
<14>May 26 13:17:37 ec2: -----END SSH HOST KEY FINGERPRINTS-----
<14>May 26 13:17:37 ec2: #############################################################
-----BEGIN SSH HOST KEY KEYS-----
ecdsa-sha2-nistp256 AAAAE2VjZHNhLXNoYTItbmlzdHAyNTYAAAAIbmlzdHAyNTYAAABBBA0AkPpsNmAjTTXV68nEDYXMQFcq/XpjstNp7Px/B9pNkVU5dqPEruS0+zON+6jPo3vd3/7+omofHILOC1y+F/U= root@ubuntu-xenial
ssh-ed25519 AAAAC3NzaC1lZDI1NTE5AAAAIJHz32iE5ExeUusVs2GeR57fXao/4zUwSx2yn7VP31eu root@ubuntu-xenial
ssh-rsa AAAAB3NzaC1yc2EAAAADAQABAAABAQDkXj7xZzI3JGF8LXbdRSLGGeifrbzhBycaS/V9l+Dd8bprAB3zPOvB/y/cPnR8VbTyQZCw+z49+M/6N0MGZXEOtrQAJC4kFvoah4s0+gQTvgg7sImn2XtCmLSWFmvYgIdu2qv0KnzsjexiISV22K4XerBuM+EMQXI8qQ7sVDgkRpiznJVZGFachnKCbSsEue/nIks67qP+ycnJKhMnBmeIMgIV8ecHeBwuyZRGRWbfw1y3Sxp40FrcNPYOpiQ7Oj4NpolSY8Bhe07XLIYW8CI0DXw4nn3kODM+pTL7miNKk6RNCAZtOC+7uyhlTTgSD1jmUXacnGF0mxQbRI2isUp7 root@ubuntu-xenial
-----END SSH HOST KEY KEYS-----
[[0;32m  OK  [0m] Started Session 2 of user ubuntu.
[   67.099284] cloud-init[1308]: Cloud-init v. 0.7.9 running 'modules:final' at Fri, 26 May 2017 13:17:37 +0000. Up 65.08 seconds.
[   67.422866] cloud-init[1308]: ci-info: no authorized ssh keys fingerprints found for user ubuntu.
[   67.684614] cloud-init[1308]: Cloud-init v. 0.7.9 finished at Fri, 26 May 2017 13:17:39 +0000. Datasource DataSourceNoCloud [seed=/dev/sdb][dsmode=net].  Up 67.09 seconds
[[0;32m  OK  [0m] Started Execute cloud user/final scripts.
         Starting Hostname Service...
[[0;32m  OK  [0m] Reached target Cloud-init target.
[[0;32m  OK  [0m] Started Hostname Service.

Ubuntu 16.04.2 LTS ubuntu ttyS0

ubuntu login: 