[   0.000000] Iniializig rop subsy cset
[   000000 Itilizing grp suyspu
   0.00000] Initiliing cgousubsys cpuacct
[    0.000000] Linux version 4.4.0-78-generic (buildd@lgw01-11) (gcc version 5.4.0 20160609 (Ubuntu 5.4.0-6ubuntu1~16.04.4) ) #99-Ubuntu SMP Thu Apr 27 15:29:09 UTC 2017 (Ubuntu 4.4.0-78.99-generic 4.4.62)
[    0.000000] Command line: BOOT_IMAGE/bt/mlinz-4.-78-enicroot=LELclouimrotfs rocool=tty csoe=ttS0[    0.000] KERELuported pu
    .00000  Inl nuineInel
[  0.0000  MDAuthtiMD
[    0.000000]   Centaur Centauauls
[   .00000x8/fu: xstate_offset[2]:  576, xtae_size2] 256[  0.000000] x86/fpu: Supporting XSAVE feaure 0x01: 'x87 floating point registers'
[    0.000000] x86/fpu: Supporting XSAVE feature 0x02: 'SSE registers'
[    0.000000] x86/fpu: Supporting XSAVE feature 0x04: 'AVX registers'
[    0.000000] x86/fpu: Enabled xstate features 0x7, context size is 832 bytes, using tandrdfomat.
[  000000]x8fp: Usin 'zy FPU cntt swich.
[  .00000] 82 BOS-prvid hysicl M ap:
  0.00000]BI-e82 [em 0x0000000000000000-0x00000000009fbff] usable
[    0.000000] BIOS-e820: [mem 0x000000000009fc00-0x00000000009fff] reserved
[    0.000000] BIOS-e820: [mem 0x00000000000f0000-0x00000000000fffff] reserved
[    0.000000] BIOS-e820: [mem 0x0000000000100000-0x000000003ffeffff] usable
[    0.000000] BIOS-e820: [mem 0x000000003fff0000-0x000000003fffffff] ACPI data
[    0.000000] BIOS-e820: [mem 0x00000000fffc0000-0x00000000ffffffff] reserved
[    0.000000] NX (Execute Disable) protection: active
[    0.000000] SMBIOS 2.5 present.
[    0.000000] Hypervor detctd:VM
  0.0000] 20 lst_pfn = 0x3fff0 max_arch_pfn = 0x400000000
[    0.000000] MTRR: Disabled
[    0.000000] x86/PAT: MTRRs disabled, skipping PAT initialization too.
[    0.000000] x86/PAT: Configuration [0-7]: WB  WT  UC- UC  WB  WT  UC- UC  
[    0.000000] CPU MTRRs all blank - virtualized system.
[    0.000000] found SMP MP-table at [mem 0x0009fff0-0x0009ffff] mapped a[fff8800009f0]
[   0.000000] Scanning 1 areas for low memory corruption
[    0.00000]RAMDISK: [mem 06af200x3570fff
  0.000000 AI: Earl tlecheckumerficatn sabled
[  00000] PI: RSP 000000000E00 00024 (02 BOX  )
[    0.000000] ACPI: XSDT 0x000000003FFF0030 00003C (v01 VBOX   VBOXXSDT 00000001 ASL  00000061)
[   0.0000 API: FAP 000003FF0F0 004 (v0 VBO   VBOXFACP 00000001 ASL  00000061)
[    0.000000] ACPI: DSDT 0x000000003FFF0470 001CEB (v01 VBOX   VBOXBIOS 00000002 INTL 20100528)
[    0.000000] ACPI: FACS 0x000000003FFF0200 000040
[    0.000000] ACPI: FACS 0x000000003FFF0200 000040
[    0.000000] ACPI: APIC 0x000000003FFF0240 00005C (v02VBOX  VBAPC 00001 SL  0006)
[  000000]AC: SSDT 0x000000003FFF02A0 0001CC (v01 VBOX   VBOXCPUT 00000002 INTL 20100528)
[    0.000000] No NUMA configuration found
[    0.000000] Faking a node at [mem 0x0000000000000000-0x000000003ffeffff]
[    0.000000] NODE_DATA(0) allocated [mem 0x3ffeb000-0x3ffeffff]
[    0.000000] kvm-clock: Using msrs 4b564d01 and 4b564d00
[    0.000000] kvm-clock: cpu 0, msr 0:3ffe301,riary pulok
[    0.00000] m-lock ungsched offetf 89105049ycles[   0.0000] loksurce: kvm-lo: ask: 0xffffffffffffffff max_cycles: 0x1cd42e4dffb, max_idle_ns: 881590591483 ns
[    0.000000] Zone ranges:
[    0.000000]   DMA      [mem 0x0000000000001000-0x0000000000ffffff]
[    0.000000]   DMA32    [mem 0x0000000001000000-0x000000003ffeffff]
[    0.000000]   Normal   empty
[    0.000000]   Device   empty
[    0.000000] Movable zone start for each node
[    0.000000] Early memory node ranges
[    0.000000]   node   0: [mem 0x0000000000001000-0x000000000009efff]
[    0.000000]   node   0: [mem 0x0000000000100000-0x000000003ffeffff]
[    0.000000] Initmem setup node 0 [mem 0x0000000000001000-0x000000003ffeffff]
[    0.000000] ACPI: PM-Timer IO Port: 0x4008
[    0.000000] IOAPIC[0]: apic_id 2, version 17, address 0xfec00000, GSI 0-23
[    0.000000] ACPI: INT_SRC_OVR (bs 0 bus_irq 0 global_irq 2 dfl dfl)
[    0.000000] ACPI: INT_SRC_OVR (bus 0 bus_irq 9 global_irq 9 high level)
[    0.000000] Using ACPI (MADT) for SMP configuration information
    0.000000] smpboot: Allowing 2 CPUs, 0 hotplug CPUs
[    0.000000] PM: Registered nosave memory: [mem 0x00000000-0x00000fff]
[    0.000000] PM: Registered nosave memory: [mem 0x0009f000-0x0009ffff]
[    0.000000] PM: Registered nosave memory: [mem 0x000a0000-0x000effff]
[    0.000000] PM: Registered nosave memory: [mem 0x000f0000-0x000fffff]
[    0.000000] e820: [mem 0x40000000-0xfffbffff] available for PCI devices
[    0.000000] Booting paravirtualized kernel on KVM
[    0.000000] clocksource:  refne-jiffies: mask: 0xffffffff max_cycles: 0xffffffff, max_idle_ns: 7645519600211568 ns
[    0.000000] setup_percpu: NR_CPS:512 nr_cpumask_bits:512 nr_cpu_ids:2 nr_node_ids:1
[    0.000000] PERCPU: Embedded 33 pages/cpu @ffff88003fc00000 s98264 r8192 d28712 u1048576
[    0.000000] PV qspinlock hash table entries: 256 (order: 0, 4096 bytes)
[    0.000000] Built 1 zonelists in Node order, mobility grouping on.  Total pages: 257913
[    0.000000] Policy zone: DMA32
[    0.000000] Kernel command line: BOOT_IMAGE=/botmlinuz4.0-8-enicroot=LABEL=loudimgrofs ro console=tty1 conslety0
[   0.000] PIha table enri: 406 rdr: 3, 27 btes)[   0.0000 Mmory10832K10420K aiable (869kernel od 194K rwdat, 84 rodata, 1484K init, 1316K bss, 46288K reserved, 0K cma-reserved)
[    0.000000] SLUB: HWalign=64, Order=3, MinOjes=, CPs= Ndes=1
[   0.0000] Herchical RCU iplementation.
[   0.0000 	Build-time adjustment of leaf fanout to 64.
[    0.000000] 	RCU restricting CPUs from NR_CPUS=512 to nr_cpu_ids=2.
[    0.000000] RCU: Adjusting geometry for rcu_fanout_leaf=64, nr_cpu_ids=2
[    0.000000] NR_IRQS:33024 nr_irqs:440 16
[    0.00000] nsle:cour VGA+ 80x25
[    0.000000] console [tty1] enabled
[    .000000] onle [tt0]nable
[  0.000000] tsc: Detected 2800.000 MHz processor
[    6.964173] Calibrating delay loop (skipped) preset value.. 5600.00 BogoMIPS (lpj=11200000)
[    7.006397] pid_max: default: 32768 minimum: 301
[    7.007365] ACPI: Core revision 20150930
[    7.028224] ACPI: 2 ACPI AML tables successfully acquired and loaded
[    7.133848] Security Framework initialized
[    7.209925] Yama: becoming mindful.
[    7.213607] AppArmor: AppArmor initialized
[    7.214618] Dentry cache hash table entries: 131072 (order: 8, 1048576 bytes)
[    7.216184] Inode-cache hash table entries: 65536 (order: 7, 524288 bytes)
[    7.342598] Mount-cache hash table entries: 2048 (order: 2, 16384 bytes)
[    7.417890] Mountpoint-cache hash table entries: 2048 (order: 2, 16384 bytes)
[    7.435916] Initializing cgroup subsys io
[    7.438370] Initializing cgroup subsys memory
[    7.455778] Initializing cgroup subsys devices
[    7.456690] Initializing cgroup subsys freezer
[    7.457581] Initializing cgroup subsys net_cls
[    7.458536] Initializing cgroup subsys perf_event
[    7.465017] Initializing cgroup subsys net_prio
[    7.465921] Initializing cgroup subsys hugetlb
[    7.466808] Initializing cgroup subsys pids
[    7.467727] CPU: Physical Processor ID: 0
[    7.474443] CPU: Processor Core ID: 0
[    7.476159] mce: CPU supports 0 MCE banks
[    7.477163] Last level iTLB entries: 4KB 1024, 2MB 1024, 4MB 1024
[    7.478339] Last level dTLB entries: 4KB 1024, 2MB 1024, 4MB 1024, 1GB 4
[    7.491222] Freeing SMP alternatives memory: 32K (ffffffff820b8000 - ffffffff820c0000)
[    7.585725] ftrace: allocating 32120 entries in 126 pages
[    7.687276] smpboot: APIC(0) Converting physical 0 to logical package 0
[    7.706073] smpboot: Max logical packages: 1
[    7.708097] ..TIMER: vector=0x30 apic1=0 pin1=2 apic2=-1 pin2=-1
[    7.892342] smpboot: CPU0: Intel(R) Core(TM) i7-4558U CPU @ 2.80GHz (family: 0x6, model: 0x45, stepping: 0x1)
[    7.926842] Performance Events: unsupported p6 CPU model 69 no PMU driver, software events only.
[    7.928722] KVM setup paravirtual spinlock
[    7.966536] x86: Booting SMP configuration:
[    7.970759] .... node  #0, CPUs:      #1
[    8.025663] kvm-clock: cpu 1, msr 0:3ffe3041, secondary cpu clock
[    8.046184] mce: CPU supports 0 MCE banks
[    8.051173] x86: Booted up 1 node, 2 CPUs
[    8.089246] smpboot: Total of 2 processors activated (11200.00 BogoMIPS)
[    8.130296] devtmpfs: initialized
[    8.185873] evm: security.selinux
[    8.229621] evm: security.SMACK64
[    8.237781] evm: security.SMACK64EXEC
[    8.263890] evm: security.SMACK64TRANSMUTE
[    8.264745] evm: security.SMACK64MMAP
[    8.265535] evm: security.ima
[    8.266206] evm: security.capability
[    8.267271] clocksource: jiffies: mask: 0xffffffff max_cycles: 0xffffffff, max_idle_ns: 7645041785100000 ns
[    8.305239] futex hash table entries: 512 (order: 3, 32768 bytes)
[    8.306704] pinctrl core: initialized pinctrl subsystem
[    8.379653] RTC time: 14:09:46, date: 05/24/17
[    8.422835] NET: Registered protocol family 16
[    8.453722] cpuidle: using governor ladder
[    8.493258] cpuidle: using governor menu
[    8.534045] PCCT header not found.
[    8.553146] ACPI: bus type PCI registered
[    8.585159] acpiphp: ACPI Hot Plug PCI Controller Driver version: 0.5
[    8.669231] PCI: Using configuration type 1 for base access
[    8.726627] ACPI: Added _OSI(Module Device)
[    8.773400] ACPI: Added _OSI(Processor Device)
[    8.797249] ACPI: Added _OSI(3.0 _SCP Extensions)
[    8.828990] ACPI: Added _OSI(Processor Aggregator Device)
[    8.896609] ACPI: Executed 1 blocks of module-level executable AML code
[    8.973477] ACPI: Interpreter enabled
[    9.017228] ACPI: (supports S0 S5)
[    9.017983] ACPI: Using IOAPIC for interrupt routing
[    9.019121] PCI: Using host bridge windows from ACPI; if necessary, use "pci=nocrs" and report a bug
[    9.076808] ACPI: PCI Root Bridge [PCI0] (domain 0000 [bus 00-ff])
[    9.173619] acpi PNP0A03:00: _OSC: OS supports [ASPM ClockPM Segments MSI]
[    9.267420] acpi PNP0A03:00: _OSC failed (AE_NOT_FOUND); disabling ASPM
[    9.324041] acpi PNP0A03:00: fail to add MMCONFIG information, can't access extended PCI configuration space under this bridge.
[    9.333898] PCI host bridge to bus 0000:00
[    9.335804] pci_bus 0000:00: root bus resource [io  0x0000-0x0cf7 window]
[    9.340984] pci_bus 0000:00: root bus resource [io  0x0d00-0xffff window]
[    9.342327] pci_bus 0000:00: root bus resource [mem 0x000a0000-0x000bffff window]
[    9.361297] pci_bus 0000:00: root bus resource [mem 0x40000000-0xffdfffff window]
[    9.433335] pci_bus 0000:00: root bus resource [bus 00-ff]
[    9.436078] pci 0000:00:01.1: legacy IDE quirk: reg 0x10: [io  0x01f0-0x01f7]
[    9.477373] pci 0000:00:01.1: legacy IDE quirk: reg 0x14: [io  0x03f6]
[    9.492250] pci 0000:00:01.1: legacy IDE quirk: reg 0x18: [io  0x0170-0x0177]
[    9.499154] pci 0000:00:01.1: legacy IDE quirk: reg 0x1c: [io  0x0376]
[    9.536017] ACPI: PCI Interrupt Link [LNKA] (IRQs 5 9 10 11) *0, disabled.
[    9.633690] ACPI: PCI Interrupt Link [LNKB] (IRQs 5 9 10 *11)
[    9.705441] ACPI: PCI Interrupt Link [LNKC] (IRQs 5 9 *10 11)
[    9.706969] ACPI: PCI Interrupt Link [LNKD] (IRQs 5 *9 10 11)
[    9.709837] ACPI: Enabled 2 GPEs in block 00 to 07
[    9.712617] vgaarb: setting as boot device: PCI:0000:00:02.0
[    9.785259] vgaarb: device added: PCI:0000:00:02.0,decodes=io+mem,owns=io+mem,locks=none
[    9.796924] vgaarb: loaded
[    9.817402] vgaarb: bridge control possible 0000:00:02.0
[    9.818653] SCSI subsystem initialized
[    9.820918] ACPI: bus type USB registered
[    9.868932] usbcore: registered new interface driver usbfs
[    9.924088] usbcore: registered new interface driver hub
[   10.011941] usbcore: registered new device driver usb
[   10.013567] PCI: Using ACPI for IRQ routing
[   10.024567] NetLabel: Initializing
[   10.026482] NetLabel:  domain hash size = 128
[   10.027394] NetLabel:  protocols = UNLABELED CIPSOv4
[   10.028366] NetLabel:  unlabeled traffic allowed by default
[   10.029622] amd_nb: Cannot enumerate AMD northbridges
[   10.057687] clocksource: Switched to clocksource kvm-clock
[  10.06945] pAorAprm Filesystem Enabled
[  1.364] p:nPCPin
  0.43] p:nPCP fnd3 devic
[   11.162634] clocksource: acpi_pm: mask: 0xffffff max_cycles: 0xffffff, max_idle_ns: 2085701024 ns
[   11.193210] NET: Registered protocol family 2
[   11.194246] TCP established hash table entries: 8192 (order: 4, 65536 bytes)
[   11.195554] TCP bind hash table entries: 8192 (order: 5, 131072 bytes)
[   11.196766] TCP: Hash tables configured (established 8192 bind 8192)
[   11.322219] UDP hash table entries: 512 (order: 2, 16384 bytes)
[   11.471397] UDP-Lite hash table entries: 512 (order: 2, 16384 bytes)
[   11.477699] NET: Registered protocol family 1
[   11.478847] pci 0000:00:00.0: Limiting direct PCI/PCI transfers
[   11.483243] pci 0000:00:01.0: Activating ISA DMA hang workarounds
[   11.613822] Unpacking initramfs...
[   13.394979] Freeing initrd memory: 10748K (ffff880036af2000 - ffff880037571000)
[   13.512592] RAPL PMU detected, API unit is 2^-32 Joules, 4 fixed counters 10737418240 ms ovfl timer
[   13.732997] hw unit of domain pp0-core 2^-0 Joules
[   13.849341] hw unit of domain package 2^-0 Joules
[   13.913527] hw unit of domain dram 2^-0 Joules
[   14.022427] hw unit of domain pp1-gpu 2^-0 Joules
[   14.023585] platform rtc_cmos: registered platform RTC device (no PNP device found)
[   14.056207] Scanning for low memory corruption every 60 seconds
[   14.059813] audit: initializing netlink subsys (disabled)
[   14.135453] audit: type=2000 audit(1495634986.534:1): initialized
[   14.227874] Initialise system trusted keyring
[   14.290751] HugeTLB registered 2 MB page size, pre-allocated 0 pages
[   14.325069] zbud: loaded
[   4.327119] VFS: Disk quotas dquot_6.6.0
[   4.35584]FSDqt-chha tle entie: 512 (order 0, 4096 bytes)
[  17916sqsh: rson4.(29//3 Pll Lgh
  5.76] c:efedSC clocksource calibration: 2799.999 MHz

[   15.827151] clocksource: tsc: mask: 0xffffffffffffffff max_cycles: x2c30b, x_le_n 479246 
ÿ[  15270]usin (I rsn 7.23)

[   15.827735] Key type big_key registered
[   15.827751] Allocating IMA MOK and blacklist keyrings.
[   15.828029] Key type asymmetric registered
[   15.828037] Asymmetric key parser 'x509' registered
[   15.828083] Block layer SCSI generic (bsg) driver version 0.4 loaded (major 249)
[   15.828133] io scheduler noop registered
[   15.828136] io scheduler deadline registered (default)
[   15.828174] io scheduler cfq registered
[   15.828268] pci_hotplug: PCI Hot Plug PCI Core version: 0.5
[   15.828273] pciehp: PCI Express Hot Plug Controller Driver version: 0.4
[   15.828787] ACPI: AC Adapter [AC] (off-line)
[   15.828832] input: Power Button as /devices/LNXSYSTM:00/LNXPWRBN:00/input/input0
[   15.828835] ACPI: Power Button [PWRF]
[   15.828891] input: Sleep Button as /devices/LNXSYSTM:00/LNXSLPBN:00/input/input1
[   15.828892] ACPI: Sleep Button [SLPF]
[   15.829000] GHES: HEST is not enabled!
[   15.829068] Serial: 8250/16550 driver, 32 ports, IRQ sharing enabled
[   16.341399] 00:02: ttyS0 at I/O 0x3f8 (irq = 0, base_baud = 115200) is a 16550A
[   16.725433] Linux agpgart interface v0.103
[   16.741483] ACPI: Battery Slot [BAT0] (battery present)
[   16.852035] loop: module loaded
[   16.852819] scsi host0: ata_piix
[   16.852983] scsi host1: ata_piix
[   16.853058] ata1: PATA max UDMA/33 cmd 0x1f0 ctl 0x3f6 bmdma 0xd000 irq 14
[   16.853060] ata2: PATA max UDMA/33 cmd 0x170 ctl 0x376 bmdma 0xd008 irq 15
[   16.853170] libphy: Fixed MDIO Bus: probed
[   16.853173] tun: Universal TUN/TAP device driver, 1.6
[   16.853173] tun: (C) 1999-2004 Max Krasnyansky <maxk@qualcomm.com>
[   16.853530] PPP generic driver version 2.4.2
[   16.853606] ehci_hcd: USB 2.0 'Enhanced' Host Controller (EHCI) Driver
[   16.853611] ehci-pci: EHCI PCI platform driver
[   16.853630] ehci-platform: EHCI generic platform driver
[   16.853639] ohci_hcd: USB 1.1 'Open' Host Controller (OHCI) Driver
[   16.853643] ohci-pci: OHCI PCI platform driver
[   16.853653] ohci-platform: OHCI generic platform driver
[   16.853663] uhci_hcd: USB Universal Host Controller Interface driver
[   16.853806] i8042: PNP: PS/2 Controller [PNP0303:PS2K,PNP0f03:PS2M] at 0x60,0x64 irq 1,12
[   16.917572] serio: i8042 KBD port at 0x60,0x64 irq 1
[   16.917579] serio: i8042 AUX port at 0x60,0x64 irq 12
[   16.917742] mousedev: PS/2 mouse device common for all mice
[   16.918111] rtc_cmos rtc_cmos: rtc core: registered rtc_cmos as rtc0
[   16.918179] rtc_cmos rtc_cmos: alarms up to one day, 114 bytes nvram
[   16.918186] i2c /dev entries driver
[   16.918253] device-mapper: uevent: version 1.0.3
[   16.918316] device-mapper: ioctl: 4.34.0-ioctl (2015-10-28) initialised: dm-devel@redhat.com
[   16.918338] ledtrig-cpu: registered to indicate activity on CPUs
[   16.918649] NET: Registered protocol family 10
[   16.918800] NET: Registered protocol family 17
[   16.918811] Key type dns_resolver registered
[   16.953011] microcode: CPU0 sig=0x40651, pf=0x2, revision=0x19
[   16.953043] microcode: CPU1 sig=0x40651, pf=0x2, revision=0x19
[   16.953125] microcode: Microcode Update Driver: v2.01 <tigran@aivazian.fsnet.co.uk>, Peter Oruba
[   16.953237] registered taskstats version 1
[   16.953249] Loading compiled-in X.509 certificates
[   16.953855] Loaded X.509 cert 'Build time autogenerated kernel key: 779fd75203f0d36b99b83c7328fac831ec7adf9e'
[   16.953875] zswap: loaded using pool lzo/zbud
[   16.954996] Key type trusted registered
[   16.956768] Key type encrypted registered
[   16.956771] AppArmor: AppArmor sha1 policy hashing enabled
[   16.956773] ima: No TPM chip found, activating TPM-bypass!
[   16.956786] evm: HMAC attrs: 0x1
[   16.957026]   Magic number: 1:897:182
[   16.968888] rtc_cmos rtc_cmos: setting system clock to 2017-05-24 14:09:54 UTC (1495634994)
[   16.968997] BIOS EDD facility v0.16 2004-Jun-25, 0 devices found
[   16.968998] EDD information not available.
[   17.163590] input: AT Translated Set 2 keyboard as /devices/platform/i8042/serio0/input/input2
[   18.849723] Freeing unused kernel memory: 1484K (ffffffff81f45000 - ffffffff820b8000)
[   19.083087] Write protecting the kernel read-only data: 14336k
[   19.239860] Freeing unused kernel memory: 1760K (ffff880001848000 - ffff880001a00000)
[   19.243339] Freeing unused kernel memory: 112K (ffff880001de4000 - ffff880001e00000)
Loading, please [   19.257135] random: systemd-udevd: uninitialized urandom read (16 bytes read, 2 bits of entropy available)
wait...
startin[   19.257655] random: udevadm: uninitialized urandom read (16 bytes read, 2 bits of entropy available)
g version 229
[   19.257685] random: udevadm: uninitialized urandom read (16 bytes read, 2 bits of entropy available)
[   19.257775] random: udevadm: uninitialized urandom read (16 bytes read, 2 bits of entropy available)
[   19.257809] random: udevadm: uninitialized urandom read (16 bytes read, 2 bits of entropy available)
[   19.257892] random: udevadm: uninitialized urandom read (16 bytes read, 2 bits of entropy available)
[   19.257930] random: udevadm: uninitialized urandom read (16 bytes read, 2 bits of entropy available)
[   19.257962] random: udevadm: uninitialized urandom read (16 bytes read, 2 bits of entropy available)
[   19.257993] random: udevadm: uninitialized urandom read (16 bytes read, 2 bits of entropy available)
[   19.258022] random: udevadm: uninitialized urandom read (16 bytes read, 2 bits of entropy available)
[   22.204729] Fusion MPT base driver 3.04.20
[   22.212595] Copyright (c) 1999-2008 LSI Corporation
[   22.216327] e1000: Intel(R) PRO/1000 Network Driver - version 7.3.21-k8-NAPI
[   22.218923] e1000: Copyright (c) 1999-2006 Intel Corporation.
[   22.245156] Fusion MPT SPI Host driver 3.04.20
[   22.255059] mptbase: ioc0: Initiating bringup
[   22.261391] AVX version of gcm_enc/dec engaged.
[   22.368394] AES CTR mode by8 optimization enabled
[   22.416805] input: ImExPS/2 Generic Explorer Mouse as /devices/platform/i8042/serio1/input/input4
[   22.650798] ioc0: LSI53C1030 A0: Capabilities={Initiator}
[   22.863573] scsi host2: ioc0: LSI53C1030 A0, FwRev=00000000h, Ports=1, MaxQ=256, IRQ=20
[   23.140198] scsi 2:0:0:0: Direct-Access     VBOX     HARDDISK         1.0  PQ: 0 ANSI: 5
[   23.223172] scsi target2:0:0: Beginning Domain Validation
[   23.395758] scsi target2:0:0: Domain Validation skipping write tests
[   23.480625] scsi target2:0:0: Ending Domain Validation
[   23.489280] scsi target2:0:0: asynchronous
[   23.492844] scsi 2:0:1:0: Direct-Access     VBOX     HARDDISK         1.0  PQ: 0 ANSI: 5
[   23.501267] scsi target2:0:1: Beginning Domain Validation
[   23.505781] scsi target2:0:1: Domain Validation skipping write tests
[   23.518704] scsi target2:0:1: Ending Domain Validation
[   23.531584] scsi target2:0:1: asynchronous
[   23.574407] sd 2:0:0:0: Attached scsi generic sg0 type 0
[   23.583092] sd 2:0:0:0: [sda] 20971520 512-byte logical blocks: (10.7 GB/10.0 GiB)
[   23.585049] sd 2:0:0:0: [sda] Write Protect is off
[   23.599313] sd 2:0:1:0: Attached scsi generic sg1 type 0
[   23.624962] sd 2:0:0:0: [sda] Incomplete mode parameter data
[   23.673796] sd 2:0:0:0: [sda] Assuming drive cache: write through
[   23.675179] sd 2:0:1:0: [sdb] 20480 512-byte logical blocks: (10.5 MB/10.0 MiB)
[   23.677063] sd 2:0:1:0: [sdb] Write Protect is off
[   23.678447] sd 2:0:1:0: [sdb] Incomplete mode parameter data
[   23.706672] sd 2:0:1:0: [sdb] Assuming drive cache: write through
[   23.734361] e1000 0000:00:03.0 eth0: (PCI:33MHz:32-bit) 02:5c:f8:19:2c:0b
[   23.734365] e1000 0000:00:03.0 eth0: Intel(R) PRO/1000 Network Connection
[   23.870639]  sda: sda1
[   23.870896] e1000 0000:00:03.0 enp0s3: renamed from eth0
[   23.933090] sd 2:0:0:0: [sda] Attached SCSI disk
[   23.991974] sd 2:0:1:0: [sdb] Attached SCSI disk
[   25.218153] floppy0: no floppy controllers found
[   26.808834] md: linear personality registered for level -1
[   26.825247] md: multipath personality registered for level -4
Begin: Loading e[   26.835056] md: raid0 personality registered for level 0
ssential drivers[   26.878390] md: raid1 personality registered for level 1
 ... [   26.965924] raid6: sse2x1   gen()  8721 MB/s
[   27.097859] raid6: sse2x1   xor()  7986 MB/s
[   27.226229] raid6: sse2x2   gen() 12351 MB/s
[   27.353958] raid6: sse2x2   xor()  8286 MB/s
[   27.481706] raid6: sse2x4   gen() 14052 MB/s
[   27.590210] raid6: sse2x4   xor()  9872 MB/s
[   27.651801] raid6: using algorithm sse2x4 gen() 14052 MB/s
[   27.654803] raid6: .... xor() 9872 MB/s, rmw enabled
[   27.655953] raid6: using ssse3x2 recovery algorithm
[   27.658807] xor: automatically using best checksumming function:
[   27.829237]    avx       : 24979.000 MB/sec
[   27.914797] async_tx: api initialized (async)
[   27.966624] md: raid6 personality registered for level 6
[   28.092071] md: raid5 personality registered for level 5
[   28.294246] md: raid4 personality registered for level 4
[   28.584202] md: raid10 personality registered for level 10
done.
Begin: Running /scripts/i[   28.697219] Btrfs loaded
nit-premount ... done.
Begin: Mounting root fil[   28.830641] EXT4-fs (sda1): mounted filesystem with ordered data mode. Opts: (null)
e system ... Begin: Running /scripts/local-top ... done.
Begin: Running /scripts/local-premount ... Scanning for Btrfs filesystems
done.
Warning: fsck not present, so skipping root file system
done.
Begin: Running /scripts/local-bottom ... done.
Begin: Running /scripts/init-bottom ... done.
[   29.230017] systemd[1]: systemd 229 running in system mode. (+PAM +AUDIT +SELINUX +IMA +APPARMOR +SMACK +SYSVINIT +UTMP +LIBCRYPTSETUP +GCRYPT +GNUTLS +ACL +XZ -LZ4 +SECCOMP +BLKID +ELFUTILS +KMOD -IDN)
[   29.287885] systemd[1]: Detected virtualization oracle.
[   29.363210] systemd[1]: Detected architecture x86-64.

Welcome to [1mUbuntu 16.04.2 LTS[0m!

[ 29.786312] systemd[1]: Set hostname to <ubuntu>.

[   29.834895] systemd[1]: Initializing machine ID from random generator.
[   29.856471] systemd[1]: Installed transient /etc/machine-id file.
[   30.024059] systemd[1]: Listening on /dev/initctl Compatibility Named Pipe.
[[0;32m  OK  [0m] Listening on /dev/initctl Compatibility Named Pipe.
[ 30225]systemd[1]: Listening on LVM mada aemon oct.
[[0;32m  OK  [0m] Listening on LVM2 metadata daemon socket.
[  30.798842 ste[1 Rchd target EnryteVome
[[0;32m  OK  [0m] Reached target Encrypted Volumes.
[   31.378001 ste[1 Rch tgeUs a Goup Nae oks.

[[0;32m  OK  [0m] Reached target User and Group Name Lookups.
[  32.0622] ysted[]:isni oDeceapr endaonIF. [[0;32m  OK  [0m] Listening on Device-mapper event daemon FIFOs.
[ 32912]ystemd[1]: Created slice SysteSle.

[[0;32m  OK  [0m] Created slice System Slice.
[ 33626]syem1]Lienng o Syslog Soet
[[0;32m  OK  [0m] Listening on Syslog Socket.
[   34.082] std[: isting on udev Krn Ske

[[0;32m  OK  [0m] Listening on udev Kernel Socket.
[ 34628]systemd[1]: Reached targ Sp.
[[0;32m  OK  [0m] Reached target Swap.
[   35.098171] systemd[1]: Listening on Journal Audit Socet

[[0;32m  OK  [0m] Listening on Journal Audit Socket.
[ 35721]ysemd[1]: Started Trigger eslvconf update for networkd DNS.

[[0;32m  OK  [0m] Started Trigger resolvconf update for networkd DNS.
[ 35221]ysmd[1]: Listening on Journal Socket.
[[0;32m  OK  [0m] Listening on Journal Socket.
[   36.041960] systemd[1]: Mounting POSIX Message Queue File System...
         Mounting POSIX Message Queue File System...
[   36.978265] systemd[1]: Mounting Debug File System...
         Mounting Debug File System...
[   37.154004] systemd[1]: Starting Nameserver information manager...
         Starting Nameserver information manager...
[   37.342318] systemd[1]: Starting Create list of required static device nodes for the current kernel...
[   37.393541] random: nonblokknng pool is initialized
         Starting Create list of required st... nodes for the current kernel...
[   37.674044] systemd[1]: Starting Load Kernel Modules...
         Startin[   37.752179] Loading iSCSI transport class v2.0-870.
g Load Kernel Mo[   37.987004] iscsi: registered transport (tcp)
dules...
[   38.172170] systemd[1]: Started Forward Password Requests to Wall Directory Watch.
[[0;32m  OK  [[   38.629344] iscsi: registered transport (iser)
0m] Started Forward Password Requests to Wall Directory Watch.
[   38.754149] systemd[1]: Starting Uncomplicated firewall...
         Starting Uncomplicated firewall...
[   39.106344] systemd[1]: Starting Set console keymap...
         Starting Set console keymap...
[   9.91] ystemd[1: ead icsyemerial\x2dgetty.slice.

[[0;32m  OK  [0m] Created slice system-serial\x2dgetty.slice.
[ 3975027] systemd[1]: Listening on Journal Socket (/dev/log).

[[0;32m  OK  [0m] Listening on Journal Socket (/dev/log).
[   40.134622] systemd[1]: Starting Journal Service...
         Starting Journal Service...
[ 406241] systed[: t  aomnt Arbitrary Executable File Formats File System Automount Point.

[[0;32m  OK  [0m] Set up automount Arbitrary Executab...ats File System Automount Point.
[   40.790558] systemd[1]: Starting Monitoring of LVM2 mirrors, snapshots etc. using dmeventd or progress polling...
         Starting Monitoring of LVM2 mirrors... dmeventd or progress polling...
[ 41.09389] systmd[1: stinonLVM2 poll daemon socket.
[[0;32m  OK  [0m] Listening on LVM2 poll daemon socket.
[   41.662336] systemd[1]: Listening on udev Control Socket.
[[0;32m  OK  [0m] Listening on udev Control Socket.
[   41.778147] systemd[1]: Mounting Huge Pages File System...
         Mounting Huge Pages File System...
[ 4188620] stmd1]: Creatd ice Usr and esonli.
[[0;32m  OK  [0m] Created slice User and Session Slice.
[ 42826]ystemd[1]: Reached target Slices.
[[0;32m  OK  [0m] Reached target Slices.
[   42.854009] systemd[1]: Starting Remount Root and Kernel File Systems...
[   42.900928] EXT4-fs (sda1): re-mounted. Opts: (null)
         Starting Remount Root and Kernel File Systems...
[   42.978835] systemd[1]: Mounted POSIX Message Queue File System.
[[0;32m  OK  [0m] Mounted POSIX Message Queue File System.
[  43.162592] systemd[1]: Mounted Debug File Sysem

[[0;32m  OK  [0m] Mounted Debug File System.
[   3.46180] systed[: und geages File System.
[[0;32m  OK  [0m] Mounted Huge Pages File System.
[  4762599] ysmd]:taedournal Service.
[[0;32m  OK  [0m] Started Journal Service.
[[0;32m  OK  [0m] Started Create list of required sta...ce nodes for the current kernel.
[[0;32m  OK  [0m] Started Load Kernel Modules.
[[0;32m  OK  [0m] Started Uncomplicated firewall.
[[0;32m  OK  [0m] Started Set console keymap.
[[0;32m  OK  [0m] Started Remount Root and Kernel File Systems.
[[0;32m  OK  [0m] Started Nameserver information manager.
[[0;32m  OK  [0m] Started LVM2 metadata daemon.
         Starting udev Coldplug all Devices...
         Starting Initial cloud-init job (pre-networking)...
         Starting Load/Save Random Seed...
         Mounting FUSE Control File System...
         Starting Apply Kernel Variables...
         Starting Create Static Device Nodes in /dev...
         Starting Flush Journal to Persistent Storage...
[[0;32m  OK  [0m] Mounted FUSE Control File System.
[[0;32m  OK  [0m] Started Monitoring of LVM2 mirrors,...ng dmeventd or progress polling.
[[0;32m  OK  [0m] Started Load/Save Random Seed.
[[0;32m  OK  [0m] Started Apply Kernel Variables.
[   36.123302] cloud-init[449]: Cloud-init v. 0.7.9 running 'init-local' at Wed, 24 May 2017 14:10:23 +0000. Up 35.94 seconds.
[[0;32m  OK  [0m] Started Create Static Device Nodes in /dev.
[[0;32m  OK  [0m] Started udev Coldplug all Devices.
[[0;32m  OK  [0m] Started Initial cloud-init job (pre-networking).
[[0;32m  OK  [0m] Started Flush Journal to Persistent Storage.
[[0;32m  OK  [0m] Reached target Network (Pre).
         Starting udev Kernel Device Manager...
[[0;32m  OK  [0m] Started udev Kernel Device Manager.
[[0;32m  OK  [0m] Found device /dev/ttyS0.
[[0;32m  OK  [0m] Reached target Local File Systems (Pre).
[[0;32m  OK  [0m] Reached target Local File Systems.
         Starting Set console font and keymap...
         Starting LSB: AppArmor initialization...
         Starting Create Volatile Files and Directories...
         Starting Tell Plymouth To Write Out Runtime Data...
         Starting Commit a transient machine-id on disk...
[[0;32m  OK  [0m] Started Dispatch Password Requests to Console Directory Watch.
[[0;32m  OK  [0m] Started Set console font and keymap.
[[0;32m  OK  [0m] Started Create Volatile Files and Directories.
[[0;32m  OK  [0m] Started Tell Plymouth To Write Out Runtime Data.
[[0;32m  OK  [0m] Started Commit a transient machine-id on disk.
[[0;32m  OK  [0m] Listening on Load/Save RF Kill Switch Status /dev/rfkill Watch.
[[0;32m  OK  [0m] Reached target System Time Synchronized.
         Starting Update UTMP about System Boot/Shutdown...
[[0;32m  OK  [0m] Created slice system-getty.slice.
[[0;32m  OK  [0m] Started Update UTMP about System Boot/Shutdown.
[[0;32m  OK  [0m] Started LSB: AppArmor initialization.
         Starting Raise network interfaces...
[[0;32m  OK  [0m] Started ifup for enp0s3.
[[0;32m  OK  [0m] Started Raise network interfaces.
[[0;32m  OK  [0m] Reached target Network.
         Starting Initial cloud-init job (metadata service crawler)...
[   40.921916] cloud-init[948]: Cloud-init v. 0.7.9 running 'init' at Wed, 24 May 2017 14:10:27 +0000. Up 40.52 seconds.
[   41.064524] [cloud-init[0;32m  OK  [0m[948]: ] ci-info: +++++++++++++++++++++++++++++++++++++Net device info++++++++++++++++++++++++++++++++++++++Started Initial cloud-init job (metadata service crawler).

[   41.064667] cloud-init[948]: ci-info: +--------+------+----------------------------+---------------+-------+-------------------+
[   41.533514] [cloud-init[0;32m  OK  [0m[948]: ] ci-info: | Device |  Up  |          Address           |      Mask     | Scope |     Hw-Address    |Reached target System Initialization.

[[   41.533704] [0;32m  OK  [0mcloud-init] [948]: Started Daily Cleanup of Temporary Directories.ci-info: +--------+------+----------------------------+---------------+-------+-------------------+

[   42.040466] [cloud-init[0;32m  OK  [0m[948]: ] ci-info: |   lo   | True |         127.0.0.1          |   255.0.0.0   |   .   |         .         |Listening on UUID daemon activation socket.

         Starting Socket activation for snappy daemon.
[[0;32m  OK  [0m] Listening on D-Bus System Message Bus Socket.
[[0;32m  OK  [0m] Listening on ACPID Listen Socket.
[   42.040657] cloud-init[948]: ci-info: |   lo   | True |          ::1/128           |       .       |  host |         .         |
[   42.604429] [cloud-init[0;32m  OK  [0m[948]: ] ci-info: | enp0s3 | True |         10.0.2.15          | 255.255.255.0 |   .   | 02:5c:f8:19:2c:0b |Started Daily apt activities.

[[   42.604611] [0;32m  OK  [0mcloud-init] [948]: Started Timer to automatically refresh installed snaps.ci-info: | enp0s3 | True | fe80::5c:f8ff:fe19:2c0b/64 |       .       |  link | 02:5c:f8:19:2c:0b |

[   43.488951] [cloud-init[0;32m  OK  [0m[948]: ] ci-info: +--------+------+----------------------------+---------------+-------+-------------------+Reached target Timers.

[   43.489249] cloud-init[948]: ci-info: +++++++++++++++++++++++++++Route IPv4 info++++++++++++++++++++++++++++
[   43.916734] [cloud-init[0;32m  OK  [0m[948]: ] ci-info: +-------+-------------+----------+---------------+-----------+-------+Started ACPI Events Check.

[[   43.916913] [0;32m  OK  [0mcloud-init] [948]: Reached target Paths.ci-info: | Route | Destination | Gateway  |    Genmask    | Interface | Flags |

[   44.252363]          cloud-initStarting LXD - unix socket.[948]: 
ci-info: +-------+-------------+----------+---------------+-----------+-------+
[   44.404596] [cloud-init[0;32m  OK  [0m[948]: ] ci-info: |   0   |   0.0.0.0   | 10.0.2.2 |    0.0.0.0    |   enp0s3  |   UG  |
Reached target Cloud-config availability.
[[   44.404879] [0;32m  OK  [0mcloud-init] [948]: Reached target Network is Online.ci-info: |   1   |   10.0.2.0  | 0.0.0.0  | 255.255.255.0 |   enp0s3  |   U   |

[   44.796746]          cloud-initStarting iSCSI initiator daemon (iscsid)...[948]: 
ci-info: +-------+-------------+----------+---------------+-----------+-------+
[   44.948572] [cloud-init[0;32m  OK  [0m[948]: ] Generating public/private rsa key pair.Listening on Socket activation for snappy daemon.

[[   44.948743] [0;32m  OK  [0mcloud-init] [948]: Listening on LXD - unix socket.Your identification has been saved in /etc/ssh/ssh_host_rsa_key.

[   45.312716] cloud-init[948]: Your public key has been saved in /etc/ssh/ssh_host_rsa_key.pub.
[   45.428781] cloud-init[948]: The key fingerprint is:
[   45.484377] cloud-init[948]: SHA256:lZaSjYKE3zVP0fuQOEfMS7swDPGhFY16lIr79F4kNbs root@ubuntu-xenial
[   45.612543] cloud-init[948]: The key's randomart image is:
[   45.684513] cloud-init[948]: +---[RSA 2048]----+
[[0;32m  OK  [0m] Started iSCSI initiator daemon (iscsid).
[   45.758752] cloud-init[948]: |   ..   ..=X     |
[   45.893042]          cloud-initStarting Login to default iSCSI targets...[948]: 
|  .. .  +B=+B    |
[   45.996354] [cloud-init[0;32m  OK  [0m[948]: ] |   ....o=XB+o=   |Reached target Sockets.

[[   45.996527] [0;32m  OK  [0mcloud-init] [948]: Reached target Basic System.|    . o.o+O.Bo   |

[   46.268557]          cloud-initStarting /etc/rc.local Compatibility...[948]: 
|       .S..=o+   |
[   46.372584]          cloud-initStarting LXD - container startup/shutdown...[948]: 
|      . .  o...  |
[   46.492555] [cloud-init[0;32m  OK  [0m[948]: ] |       o .  E    |Started Unattended Upgrades Shutdown.

[   46.492724] cloud-init[948]: |        . ..     |
[   46.665243] [cloud-init[0;32m  OK  [0m[948]: ] |         ..      |Started ACPI event daemon.

[   46.665591] cloud-init[948]: +----[SHA256]-----+
[   46.800530] [cloud-init[0;32m  OK  [0m[948]: ] Generating public/private dsa key pair.Started D-Bus System Message Bus.

[   46.800807] cloud-init[948]: Your identification has been saved in /etc/ssh/ssh_host_dsa_key.
[   47.044465] [cloud-init[0;32m  OK  [0m[948]: ] Your public key has been saved in /etc/ssh/ssh_host_dsa_key.pub.Started Deferred execution scheduler.

[   47.044615] cloud-init[948]: The key fingerprint is:
[   47.292402] [cloud-init[0;32m  OK  [0m[948]: ] SHA256:9M5J+GIRBtB0UcWcsXc8jThcQoRcFn8L4LoA+tpgd6E root@ubuntu-xenialStarted Regular background program processing daemon.

[   47.292586] cloud-init[948]: The key's randomart image is:
[   47.536967]          cloud-initStarting Accounts Service...[948]: 
+---[DSA 1024]----+
[   47.656396]          cloud-initStarting LSB: Record successful boot for GRUB...[948]: 
|    .+o o+.XX+.  |
[   47.768711]          cloud-initStarting Pollinate to seed the pseudo random number generator...[948]: 
|      .o  +o=* o.|
[   47.928770]          cloud-initStarting LSB: MD monitoring daemon...[948]: 
|     .  +  .=.+.=|
[   48.101906]          cloud-initStarting Apply the settings specified in cloud-config...[948]: 
|    . .o +.  o.oo|
[   48.236401] [cloud-init[0;32m  OK  [0m[948]: ] |   .   oS.o    . |Started FUSE filesystem for LXC.

[   48.236556] cloud-init[948]: |    . . o*..     |
[   48.474584]          cloud-initStarting System Logging Service...[948]: 
|   o E .o.=      |
[   48.616915]          cloud-initStarting Login Service...[948]: 
|  . = .. .       |
[   48.756707] [cloud-init[0;32m  OK  [0m[948]: ] |   . .           |Started Snappy daemon.

[   48.756949] cloud-init[948]: +----[SHA256]-----+
[   48.928475] cloud-init[948]: Generating public/private ecdsa key pair.
         Starting Auto import assertions from block devices...
[[0;32m  OK  [0m] Started System Logging Service.
[[0;32m  OK  [0m] Started /etc/rc.local Compatibility.
[[0;32m  OK  [0m] Started LXD - container startup/shutdown.
[[0;32m  OK  [0m] Started Auto import assertions from block devices.
[   48.928627] cloud-init[948]: Your identification has been saved in /etc/ssh/ssh_host_ecdsa_key.
[   49.965020] cloud-init[948]: Your public key has been saved in /etc/ssh/ssh_host_ecdsa_key.pub.
[[0;32m  OK  [0m] Started Login to default iSCSI targets.
[   49.965371] cloud-init[948]: The key fingerprint is:
[   50.260737] cloud-init[948]: SHA256:LoF/cRzU93SFSk9wBhjD/XvOm4O5XnXUez8v6BiMi6Y root@ubuntu-xenial
[   50.261020] cloud-init[948]: The key's randomart image is:
[   50.261096] cloud-init[948]: +---[ECDSA 256]---+
[   50.261157] cloud-init[948]: |         .+=ooo.o|
[[0;32m  OK  [0m] Started LSB: Record successful boot for GRUB.
[   50.261210] cloud-init[948]: |         .o.+o+ +|
[   50.694593] [cloud-init[0;32m  OK  [0m[948]: ] |          .. * o+|Started Pollinate to seed the pseudo random number generator.

[   50.694874] cloud-init[948]: |     .   . .. o.o|
[   50.924724] cloud-init[948]: |    . . S o    o+|
[   50.924926] cloud-init[948]: |     . o =    . *|
[   50.925019] cloud-init[948]: |      o + o  .o*.|
[[0;32m  OK  [0m] Started LSB: MD monitoring daemon.
[   50.925078] cloud-init[948]: |      .+ . o.oo.*|
         Starting Authenticate and Authorize Users to Run Privileged Tasks...
[[0;32m  OK  [0m] Stopped OpenBSD Secure Shell server.
[   51.246512] cloud-init[948]: |    Eo. . ..oo.++|
[   51.436362] cloud-init[948]: +----[SHA256]-----+
[   51.492382] cloud-init[948]: Generating public/private ed25519 key pair.
         Starting OpenBSD Secure Shell server...
[[0;32m  OK  [0m] Reached target Remote File Systems (Pre).
[[   51.582232] [0;32m  OK  [0mcloud-init] [948]: Reached target Remote File Systems.Your identification has been saved in /etc/ssh/ssh_host_ed25519_key.

[   51.868739]          cloud-initStarting LSB: automatic crash report generation...[948]: 
Your public key has been saved in /etc/ssh/ssh_host_ed25519_key.pub.
[   52.000397] cloud-init[948]: The key fingerprint is:
[   52.048363]          cloud-initStarting LSB: VirtualBox Linux Additions...[948]: 
SHA256:TBQ6CInu774UTyQllCbpYT/cXFMa5eZDn6oiUDGcffI root@ubuntu-xenial
[   52.252393]          cloud-initStarting LSB: Set the CPU Frequency Scaling governor to "ondemand"...[948]: 
The key's randomart image is:
[   52.412399] cloud-init[948]: +--[ED25519 256]--+
         Starting Permit User Sessions...
[   52.412674] cloud-init[948]: | .=++. .=+       |
[   52.569329]          cloud-initStarting LSB: daemon to balance interrupts for SMP systems...[948]: 
|.=.Oo+ *+        |
[   52.704538] [cloud-init[0;32m  OK  [0m[948]: ] |+ *.*.B.o+       |Started OpenBSD Secure Shell server.

[[0;32m  OK  [0m] Started Permit User Sessions.
[   52.704707] cloud-init[948]: | o =oo E+ . .    |
[[0;32m  OK  [0m] Started Login Service.
[   52.969972] cloud-init[948]: |. ....  So o     |
[   53.056218] [cloud-init[0;32m  OK  [0m[948]: ] | o  +     o      |Started Authenticate and Authorize Users to Run Privileged Tasks.

[   53.056344] cloud-init[948]: |  o. .   .       |
[   53.248401] [cloud-init[0;32m  OK  [0m[948]: ] |  .o .  .        |Started Apply the settings specified in cloud-config.

[   53.248577] cloud-init[948]: |  o+o ..         |
[   53.508555] [cloud-init[0;32m  OK  [0m[948]: ] +----[SHA256]-----+Started Accounts Service.

[   53.513432] cloud-init[1119]: Generating locales (this might take a while)...
[   53.724896] [cloud-init[0;32m  OK  [0m[1119]: ]   en_US.UTF-8... doneStarted LSB: Set the CPU Frequency Scaling governor to "ondemand".

[   53.725089] cloud-init[1119]: Generation complete.
[   53.928388] [cloud-init[0;32m  OK  [0m[1119]: ] Cloud-init v. 0.7.9 running 'modules:config' at Wed, 24 May 2017 14:10:35 +0000. Up 48.18 seconds.Started LSB: automatic crash report generation.

[[0;32m  OK  [0m] Started LSB: VirtualBox Linux Additions.
[[0;32m  OK  [0m] Created slice User Slice of ubuntu.
[[0;32m  OK  [0m] Started Session 1 of user ubuntu.
         Starting User Manager for UID 1000...
         Starting Hold until boot process finishes up...
         Starting Terminate Plymouth Boot Screen...
[[0;32m  OK  [0m] Started User Manager for UID 1000.
[[0;32m  OK  [0m] Started LSB: daemon to balance interrupts for SMP systems.
[[0;32m  OK  [0m] Started Hold until boot process finishes up.
[[0;32m  OK  [0m] Started Terminate Plymouth Boot Screen.
[[0;32m  OK  [0m] Started Getty on tty1.
         Starting Set console scheme...
[[0;32m  OK  [0m] Started Serial Getty on ttyS0.
[[0;32m  OK  [0m] Reached target Login Prompts.
[[0;32m  OK  [0m] Reached target Multi-User System.
         Starting Execute cloud user/final scripts...
[[0;32m  OK  [0m] Reached target Graphical Interface.
         Starting Update UTMP about System Runlevel Changes...
[[0;32m  OK  [0m] Started Set console scheme.
[[0;32m  OK  [0m] Started Update UTMP about System Runlevel Changes.
ci-info: no authorized ssh keys fingerprints found for user ubuntu.
<14>May 24 14:10:42 ec2: 
<14>May 24 14:10:42 ec2: #############################################################
<14>May 24 14:10:42 ec2: -----BEGIN SSH HOST KEY FINGERPRINTS-----
<14>May 24 14:10:42 ec2: 1024 SHA256:9M5J+GIRBtB0UcWcsXc8jThcQoRcFn8L4LoA+tpgd6E root@ubuntu-xenial (DSA)
<14>May 24 14:10:42 ec2: 256 SHA256:LoF/cRzU93SFSk9wBhjD/XvOm4O5XnXUez8v6BiMi6Y root@ubuntu-xenial (ECDSA)
<14>May 24 14:10:42 ec2: 256 SHA256:TBQ6CInu774UTyQllCbpYT/cXFMa5eZDn6oiUDGcffI root@ubuntu-xenial (ED25519)
<14>May 24 14:10:42 ec2: 2048 SHA256:lZaSjYKE3zVP0fuQOEfMS7swDPGhFY16lIr79F4kNbs root@ubuntu-xenial (RSA)
<14>May 24 14:10:42 ec2: -----END SSH HOST KEY FINGERPRINTS-----
<14>May 24 14:10:42 ec2: #############################################################
-----BEGIN SSH HOST KEY KEYS-----
ecdsa-sha2-nistp256 AAAAE2VjZHNhLXNoYTItbmlzdHAyNTYAAAAIbmlzdHAyNTYAAABBBIsbThd8h4nDeL9MD4GvWqNpi2tePreM2kw/ALt/57dj1BNG2oTD/WSZ9Z6tyxy2EHZQXJDwxHuQlPahUXRARpE= root@ubuntu-xenial
ssh-ed25519 AAAAC3NzaC1lZDI1NTE5AAAAINBE/7mfu9EBM8+sh5pPkvcFRx18gu4OL2F+nO1dB6ts root@ubuntu-xenial
ssh-rsa AAAAB3NzaC1yc2EAAAADAQABAAABAQC+32L/QSNHjq2j3zAW+wjfzDsOKhTtc8+t2F0xSBgG2+2SW4MfXNssGhevZQEEb1bhhqr/4fPzGkZ1dav9f98iGgmWJz9oVdtkkhUcH9eYKmq1gTxxJGsYYKpCKS7E5h9E5cnIW+wnM/fF/2Qq321Mku4/Ph+Ge7fn5AyRuNoFlGr9EVv4paP8Xe+xJGP/LNri5uge3qQ7jDG8rtSGbAdCtEbtEruiykAndEPrWzQ9gH3SMpAtjtJxBJRJt+QtdU/yZUhnP80W80pYXBnRj2K93krMdQiaBw+BFJiNNYluw4jZu5Us0DHqHUtl4SOzoEYDVIz72+mEFMphcexjfh1x root@ubuntu-xenial
-----END SSH HOST KEY KEYS-----
[[0;32m  OK  [0m] Started Session 2 of user ubuntu.
[   57.187909] cloud-init[1323]: Cloud-init v. 0.7.9 running 'modules:final' at Wed, 24 May 2017 14:10:42 +0000. Up 55.39 seconds.
[   57.404757] cloud-init[1323]: ci-info: no authorized ssh keys fingerprints found for user ubuntu.
[   57.533379] cloud-init[1323]: Cloud-init v. 0.7.9 finished at Wed, 24 May 2017 14:10:44 +0000. Datasource DataSourceNoCloud [seed=/dev/sdb][dsmode=net].  Up 57.18 seconds
[[0;32m  OK  [0m] Started Execute cloud user/final scripts.
         Starting Hostname Service...
[[0;32m  OK  [0m] Reached target Cloud-init target.
[[0;32m  OK  [0m] Started Hostname Service.

Ubuntu 16.04.2 LTS ubuntu ttyS0

ubuntu login: 